22:55:06    0 ****************************************************
22:55:06    0 ** Dragonfly version 4.15 **
22:55:06    0 ** Game engine started **
22:55:06    0 ****************************************************
22:55:07    0 ResourceManager::loadSprite(): Loading sprite 'sprites/hero-walk-spr.txt'.
22:55:07    0 ResourceManager::loadSprite(): Sprite 'walk' loaded.
22:55:07    0 ResourceManager::loadSprite(): Loading sprite 'sprites/hero_hurt-spr.txt'.
22:55:07    0 ResourceManager::loadSprite(): Sprite 'hurt' loaded.
22:55:07    0 ResourceManager::loadSprite(): Loading sprite 'sprites/hero-attack-spr.txt'.
22:55:07    0 ResourceManager::loadSprite(): Sprite 'attack' loaded.
22:55:07    0 ResourceManager::loadSprite(): Loading sprite 'sprites/monster-walk-spr.txt'.
22:55:07    0 ResourceManager::loadSprite(): Sprite 'monster-walk' loaded.
22:55:07    0 ResourceManager::loadSprite(): Loading sprite 'sprites/monster-chase-spr.txt'.
22:55:07    0 ResourceManager::loadSprite(): Sprite 'monster-chase' loaded.
22:55:07    0 ResourceManager::loadSprite(): Loading sprite 'sprites/monster-hurt01-spr.txt'.
22:55:07    0 ResourceManager::loadSprite(): Sprite 'monster-hurt1' loaded.
22:55:07    0 ResourceManager::loadSprite(): Loading sprite 'sprites/monster-hurt02-spr.txt'.
22:55:07    0 ResourceManager::loadSprite(): Sprite 'monster-hurt2' loaded.
22:55:07    0 ResourceManager::loadSprite(): Loading sprite 'sprites/monster-hurt03-spr.txt'.
22:55:07    0 ResourceManager::loadSprite(): Sprite 'monster-hurt3' loaded.
22:55:07    0 ResourceManager::loadSprite(): Loading sprite 'sprites/attack-obj-spr.txt'.
22:55:07    0 ResourceManager::loadSprite(): Sprite 'attack_obj' loaded.
22:55:07    0 Placed hero
22:55:07    0 StateWander::Enter():Set monster-walk
22:55:07    0 Monster initialized
22:55:07    0 About to run
22:55:07    0 GETTING EVENT
22:55:07    0 In StateWander Execute
22:55:07    1 GETTING EVENT
22:55:07    1 In StateWander Execute
22:55:07    2 GETTING EVENT
22:55:07    2 KEYBOARD EVENT
22:55:07    2 Movin
22:55:07    2 GETTING EVENT
22:55:07    2 KEYBOARD EVENT
22:55:07    2 Movin
22:55:07    2 GETTING EVENT
22:55:07    2 In StateWander Execute
22:55:07    3 GETTING EVENT
22:55:07    3 KEYBOARD EVENT
22:55:07    3 Movin
22:55:07    3 GETTING EVENT
22:55:07    3 In StateWander Execute
22:55:07    4 GETTING EVENT
22:55:07    4 KEYBOARD EVENT
22:55:07    4 Movin
22:55:07    4 GETTING EVENT
22:55:07    4 In StateWander Execute
22:55:07    5 GETTING EVENT
22:55:07    5 KEYBOARD EVENT
22:55:07    5 Movin
22:55:07    5 GETTING EVENT
22:55:07    5 In StateWander Execute
22:55:07    6 GETTING EVENT
22:55:07    6 KEYBOARD EVENT
22:55:07    6 Movin
22:55:07    6 GETTING EVENT
22:55:07    6 In StateWander Execute
22:55:07    7 GETTING EVENT
22:55:07    7 KEYBOARD EVENT
22:55:07    7 Movin
22:55:07    7 GETTING EVENT
22:55:07    7 In StateWander Execute
22:55:07    8 GETTING EVENT
22:55:07    8 KEYBOARD EVENT
22:55:07    8 Movin
22:55:07    8 GETTING EVENT
22:55:07    8 In StateWander Execute
22:55:07    9 GETTING EVENT
22:55:07    9 KEYBOARD EVENT
22:55:07    9 Movin
22:55:07    9 GETTING EVENT
22:55:07    9 In StateWander Execute
22:55:07   10 GETTING EVENT
22:55:07   10 KEYBOARD EVENT
22:55:07   10 Movin
22:55:07   10 GETTING EVENT
22:55:07   10 In StateWander Execute
22:55:07   11 GETTING EVENT
22:55:07   11 KEYBOARD EVENT
22:55:07   11 Movin
22:55:07   11 GETTING EVENT
22:55:07   11 KEYBOARD EVENT
22:55:07   11 Movin
22:55:07   11 GETTING EVENT
22:55:07   11 KEYBOARD EVENT
22:55:07   11 Movin
22:55:07   11 GETTING EVENT
22:55:07   11 In StateWander Execute
22:55:07   12 GETTING EVENT
22:55:07   12 KEYBOARD EVENT
22:55:07   12 Movin
22:55:07   12 GETTING EVENT
22:55:07   12 KEYBOARD EVENT
22:55:07   12 Movin
22:55:07   12 GETTING EVENT
22:55:07   12 In StateWander Execute
22:55:07   13 GETTING EVENT
22:55:07   13 KEYBOARD EVENT
22:55:07   13 Movin
22:55:07   13 GETTING EVENT
22:55:07   13 KEYBOARD EVENT
22:55:07   13 Movin
22:55:07   13 GETTING EVENT
22:55:07   13 In StateWander Execute
22:55:07   14 GETTING EVENT
22:55:07   14 KEYBOARD EVENT
22:55:07   14 Movin
22:55:07   14 GETTING EVENT
22:55:07   14 KEYBOARD EVENT
22:55:07   14 Movin
22:55:07   14 GETTING EVENT
22:55:07   14 In StateWander Execute
22:55:07   15 GETTING EVENT
22:55:07   15 KEYBOARD EVENT
22:55:07   15 Movin
22:55:07   15 GETTING EVENT
22:55:07   15 KEYBOARD EVENT
22:55:07   15 Movin
22:55:07   15 GETTING EVENT
22:55:07   15 In StateWander Execute
22:55:07   16 GETTING EVENT
22:55:07   16 KEYBOARD EVENT
22:55:07   16 Movin
22:55:07   16 GETTING EVENT
22:55:07   16 KEYBOARD EVENT
22:55:07   16 Movin
22:55:07   16 GETTING EVENT
22:55:07   16 In StateWander Execute
22:55:07   17 GETTING EVENT
22:55:07   17 KEYBOARD EVENT
22:55:07   17 Movin
22:55:07   17 GETTING EVENT
22:55:07   17 KEYBOARD EVENT
22:55:07   17 Movin
22:55:07   17 GETTING EVENT
22:55:07   17 In StateWander Execute
22:55:07   18 GETTING EVENT
22:55:07   18 KEYBOARD EVENT
22:55:07   18 Movin
22:55:07   18 GETTING EVENT
22:55:07   18 KEYBOARD EVENT
22:55:07   18 Movin
22:55:07   18 GETTING EVENT
22:55:07   18 In StateWander Execute
22:55:07   19 GETTING EVENT
22:55:07   19 KEYBOARD EVENT
22:55:07   19 Movin
22:55:07   19 GETTING EVENT
22:55:07   19 KEYBOARD EVENT
22:55:07   19 Movin
22:55:07   19 GETTING EVENT
22:55:07   19 In StateWander Execute
22:55:08   20 GETTING EVENT
22:55:08   20 KEYBOARD EVENT
22:55:08   20 Movin
22:55:08   20 GETTING EVENT
22:55:08   20 KEYBOARD EVENT
22:55:08   20 Movin
22:55:08   20 GETTING EVENT
22:55:08   20 In StateWander Execute
22:55:08   21 GETTING EVENT
22:55:08   21 KEYBOARD EVENT
22:55:08   21 Movin
22:55:08   21 GETTING EVENT
22:55:08   21 KEYBOARD EVENT
22:55:08   21 Movin
22:55:08   21 GETTING EVENT
22:55:08   21 In StateWander Execute
22:55:08   22 GETTING EVENT
22:55:08   22 KEYBOARD EVENT
22:55:08   22 Movin
22:55:08   22 GETTING EVENT
22:55:08   22 KEYBOARD EVENT
22:55:08   22 Movin
22:55:08   22 GETTING EVENT
22:55:08   22 In StateWander Execute
22:55:08   23 GETTING EVENT
22:55:08   23 KEYBOARD EVENT
22:55:08   23 Movin
22:55:08   23 GETTING EVENT
22:55:08   23 KEYBOARD EVENT
22:55:08   23 Movin
22:55:08   23 GETTING EVENT
22:55:08   23 In StateWander Execute
22:55:08   24 GETTING EVENT
22:55:08   24 KEYBOARD EVENT
22:55:08   24 Movin
22:55:08   24 GETTING EVENT
22:55:08   24 KEYBOARD EVENT
22:55:08   24 Movin
22:55:08   24 GETTING EVENT
22:55:08   24 In StateWander Execute
22:55:08   25 GETTING EVENT
22:55:08   25 KEYBOARD EVENT
22:55:08   25 Movin
22:55:08   25 GETTING EVENT
22:55:08   25 KEYBOARD EVENT
22:55:08   25 Movin
22:55:08   25 GETTING EVENT
22:55:08   25 In StateWander Execute
22:55:08   26 GETTING EVENT
22:55:08   26 KEYBOARD EVENT
22:55:08   26 Movin
22:55:08   26 GETTING EVENT
22:55:08   26 KEYBOARD EVENT
22:55:08   26 Movin
22:55:08   26 GETTING EVENT
22:55:08   26 In StateWander Execute
22:55:08   27 GETTING EVENT
22:55:08   27 KEYBOARD EVENT
22:55:08   27 Movin
22:55:08   27 GETTING EVENT
22:55:08   27 KEYBOARD EVENT
22:55:08   27 Movin
22:55:08   27 GETTING EVENT
22:55:08   27 In StateWander Execute
22:55:08   28 GETTING EVENT
22:55:08   28 KEYBOARD EVENT
22:55:08   28 Movin
22:55:08   28 GETTING EVENT
22:55:08   28 KEYBOARD EVENT
22:55:08   28 Movin
22:55:08   28 GETTING EVENT
22:55:08   28 In StateWander Execute
22:55:08   29 GETTING EVENT
22:55:08   29 KEYBOARD EVENT
22:55:08   29 Movin
22:55:08   29 GETTING EVENT
22:55:08   29 KEYBOARD EVENT
22:55:08   29 Movin
22:55:08   29 GETTING EVENT
22:55:08   29 In StateWander Execute
22:55:08   30 GETTING EVENT
22:55:08   30 KEYBOARD EVENT
22:55:08   30 Movin
22:55:08   30 GETTING EVENT
22:55:08   30 KEYBOARD EVENT
22:55:08   30 Movin
22:55:08   30 GETTING EVENT
22:55:08   30 In StateWander Execute
22:55:08   31 GETTING EVENT
22:55:08   31 KEYBOARD EVENT
22:55:08   31 Movin
22:55:08   31 GETTING EVENT
22:55:08   31 KEYBOARD EVENT
22:55:08   31 Movin
22:55:08   31 GETTING EVENT
22:55:08   31 In StateWander Execute
22:55:08   32 GETTING EVENT
22:55:08   32 KEYBOARD EVENT
22:55:08   32 Movin
22:55:08   32 GETTING EVENT
22:55:08   32 KEYBOARD EVENT
22:55:08   32 Movin
22:55:08   32 GETTING EVENT
22:55:08   32 In StateWander Execute
22:55:08   33 GETTING EVENT
22:55:08   33 KEYBOARD EVENT
22:55:08   33 Movin
22:55:08   33 GETTING EVENT
22:55:08   33 KEYBOARD EVENT
22:55:08   33 Movin
22:55:08   33 GETTING EVENT
22:55:08   33 In StateWander Execute
22:55:08   34 GETTING EVENT
22:55:08   34 KEYBOARD EVENT
22:55:08   34 Movin
22:55:08   34 GETTING EVENT
22:55:08   34 KEYBOARD EVENT
22:55:08   34 Movin
22:55:08   34 GETTING EVENT
22:55:08   34 In StateWander Execute
22:55:08   35 GETTING EVENT
22:55:08   35 KEYBOARD EVENT
22:55:08   35 Movin
22:55:08   35 GETTING EVENT
22:55:08   35 KEYBOARD EVENT
22:55:08   35 Movin
22:55:08   35 GETTING EVENT
22:55:08   35 In StateWander Execute
22:55:08   36 GETTING EVENT
22:55:08   36 KEYBOARD EVENT
22:55:08   36 Movin
22:55:08   36 GETTING EVENT
22:55:08   36 KEYBOARD EVENT
22:55:08   36 Movin
22:55:08   36 GETTING EVENT
22:55:08   36 In StateWander Execute
22:55:08   37 GETTING EVENT
22:55:08   37 KEYBOARD EVENT
22:55:08   37 Movin
22:55:08   37 GETTING EVENT
22:55:08   37 KEYBOARD EVENT
22:55:08   37 Movin
22:55:08   37 GETTING EVENT
22:55:08   37 In StateWander Execute
22:55:08   38 GETTING EVENT
22:55:08   38 KEYBOARD EVENT
22:55:08   38 Movin
22:55:08   38 GETTING EVENT
22:55:08   38 KEYBOARD EVENT
22:55:08   38 Movin
22:55:08   38 GETTING EVENT
22:55:08   38 In StateWander Execute
22:55:08   39 GETTING EVENT
22:55:08   39 KEYBOARD EVENT
22:55:08   39 Movin
22:55:08   39 GETTING EVENT
22:55:08   39 KEYBOARD EVENT
22:55:08   39 Movin
22:55:08   39 GETTING EVENT
22:55:08   39 In StateWander Execute
22:55:08   40 GETTING EVENT
22:55:08   40 KEYBOARD EVENT
22:55:08   40 Movin
22:55:08   40 GETTING EVENT
22:55:08   40 KEYBOARD EVENT
22:55:08   40 Movin
22:55:08   40 GETTING EVENT
22:55:08   40 In StateWander Execute
22:55:08   41 GETTING EVENT
22:55:08   41 KEYBOARD EVENT
22:55:08   41 Movin
22:55:08   41 GETTING EVENT
22:55:08   41 KEYBOARD EVENT
22:55:08   41 Movin
22:55:08   41 GETTING EVENT
22:55:08   41 In StateWander Execute
22:55:08   41 StateSearch::Enter():Set monster-walk
22:55:08   42 GETTING EVENT
22:55:08   42 KEYBOARD EVENT
22:55:08   42 Movin
22:55:08   42 GETTING EVENT
22:55:08   42 KEYBOARD EVENT
22:55:08   42 Movin
22:55:08   42 GETTING EVENT
22:55:08   42 Statechase::Enter():Set monster-chase
22:55:08   43 GETTING EVENT
22:55:08   43 KEYBOARD EVENT
22:55:08   43 Movin
22:55:08   43 GETTING EVENT
22:55:08   43 KEYBOARD EVENT
22:55:08   43 Movin
22:55:08   43 GETTING EVENT
22:55:08   44 GETTING EVENT
22:55:08   44 KEYBOARD EVENT
22:55:08   44 Movin
22:55:08   44 GETTING EVENT
22:55:08   45 GETTING EVENT
22:55:08   45 KEYBOARD EVENT
22:55:08   45 Movin
22:55:08   45 GETTING EVENT
22:55:08   46 GETTING EVENT
22:55:08   46 KEYBOARD EVENT
22:55:08   46 Movin
22:55:08   46 GETTING EVENT
22:55:08   47 GETTING EVENT
22:55:08   47 KEYBOARD EVENT
22:55:08   47 Movin
22:55:08   47 GETTING EVENT
22:55:08   48 GETTING EVENT
22:55:08   48 KEYBOARD EVENT
22:55:08   48 Movin
22:55:08   48 GETTING EVENT
22:55:08   49 GETTING EVENT
22:55:08   49 KEYBOARD EVENT
22:55:08   49 Movin
22:55:08   49 GETTING EVENT
22:55:09   50 GETTING EVENT
22:55:09   50 KEYBOARD EVENT
22:55:09   50 Movin
22:55:09   50 GETTING EVENT
22:55:09   51 GETTING EVENT
22:55:09   51 KEYBOARD EVENT
22:55:09   51 Movin
22:55:09   51 GETTING EVENT
22:55:09   52 GETTING EVENT
22:55:09   52 KEYBOARD EVENT
22:55:09   52 Movin
22:55:09   52 GETTING EVENT
22:55:09   53 GETTING EVENT
22:55:09   53 KEYBOARD EVENT
22:55:09   53 Movin
22:55:09   53 GETTING EVENT
22:55:09   54 GETTING EVENT
22:55:09   54 KEYBOARD EVENT
22:55:09   54 Movin
22:55:09   54 GETTING EVENT
22:55:09   55 GETTING EVENT
22:55:09   55 KEYBOARD EVENT
22:55:09   55 Movin
22:55:09   55 GETTING EVENT
22:55:09   56 GETTING EVENT
22:55:09   56 KEYBOARD EVENT
22:55:09   56 Movin
22:55:09   56 GETTING EVENT
22:55:09   57 GETTING EVENT
22:55:09   57 KEYBOARD EVENT
22:55:09   57 Movin
22:55:09   57 GETTING EVENT
22:55:09   58 GETTING EVENT
22:55:09   58 KEYBOARD EVENT
22:55:09   58 Movin
22:55:09   58 GETTING EVENT
22:55:09   58 KEYBOARD EVENT
22:55:09   58 Movin
22:55:09   58 GETTING EVENT
22:55:09   58 KEYBOARD EVENT
22:55:09   58 Movin
22:55:09   58 GETTING EVENT
22:55:09   59 GETTING EVENT
22:55:09   59 KEYBOARD EVENT
22:55:09   59 Movin
22:55:09   59 GETTING EVENT
22:55:09   59 KEYBOARD EVENT
22:55:09   59 Movin
22:55:09   59 GETTING EVENT
22:55:09   60 GETTING EVENT
22:55:09   60 KEYBOARD EVENT
22:55:09   60 Movin
22:55:09   60 GETTING EVENT
22:55:09   60 KEYBOARD EVENT
22:55:09   60 Movin
22:55:09   60 GETTING EVENT
22:55:09   61 GETTING EVENT
22:55:09   61 KEYBOARD EVENT
22:55:09   61 Movin
22:55:09   61 GETTING EVENT
22:55:09   61 KEYBOARD EVENT
22:55:09   61 Movin
22:55:09   61 GETTING EVENT
22:55:09   62 GETTING EVENT
22:55:09   62 KEYBOARD EVENT
22:55:09   62 Movin
22:55:09   62 GETTING EVENT
22:55:09   63 GETTING EVENT
22:55:09   63 KEYBOARD EVENT
22:55:09   63 Movin
22:55:09   63 GETTING EVENT
22:55:09   64 GETTING EVENT
22:55:09   64 KEYBOARD EVENT
22:55:09   64 Movin
22:55:09   64 GETTING EVENT
22:55:09   65 GETTING EVENT
22:55:09   65 KEYBOARD EVENT
22:55:09   65 Movin
22:55:09   65 GETTING EVENT
22:55:09   66 GETTING EVENT
22:55:09   66 KEYBOARD EVENT
22:55:09   66 Movin
22:55:09   66 GETTING EVENT
22:55:09   67 GETTING EVENT
22:55:09   67 KEYBOARD EVENT
22:55:09   67 Movin
22:55:09   67 GETTING EVENT
22:55:09   68 GETTING EVENT
22:55:09   68 KEYBOARD EVENT
22:55:09   68 Movin
22:55:09   68 GETTING EVENT
22:55:09   69 GETTING EVENT
22:55:09   69 KEYBOARD EVENT
22:55:09   69 Movin
22:55:09   69 GETTING EVENT
22:55:09   70 GETTING EVENT
22:55:09   70 KEYBOARD EVENT
22:55:09   70 Movin
22:55:09   70 GETTING EVENT
22:55:09   71 GETTING EVENT
22:55:09   71 KEYBOARD EVENT
22:55:09   71 Movin
22:55:09   71 GETTING EVENT
22:55:09   72 GETTING EVENT
22:55:09   72 KEYBOARD EVENT
22:55:09   72 Movin
22:55:09   72 GETTING EVENT
22:55:09   73 GETTING EVENT
22:55:09   73 KEYBOARD EVENT
22:55:09   73 Movin
22:55:09   73 GETTING EVENT
22:55:09   74 GETTING EVENT
22:55:09   74 KEYBOARD EVENT
22:55:09   74 Movin
22:55:09   74 GETTING EVENT
22:55:09   75 GETTING EVENT
22:55:09   75 KEYBOARD EVENT
22:55:09   75 Movin
22:55:09   75 GETTING EVENT
22:55:09   76 GETTING EVENT
22:55:09   76 KEYBOARD EVENT
22:55:09   76 Movin
22:55:09   76 GETTING EVENT
22:55:09   77 GETTING EVENT
22:55:09   77 KEYBOARD EVENT
22:55:09   77 Movin
22:55:09   77 GETTING EVENT
22:55:09   78 GETTING EVENT
22:55:09   78 KEYBOARD EVENT
22:55:09   78 Movin
22:55:09   78 GETTING EVENT
22:55:09   79 GETTING EVENT
22:55:09   79 KEYBOARD EVENT
22:55:09   79 Movin
22:55:09   79 GETTING EVENT
22:55:10   80 GETTING EVENT
22:55:10   80 KEYBOARD EVENT
22:55:10   80 Movin
22:55:10   80 GETTING EVENT
22:55:10   81 GETTING EVENT
22:55:10   81 KEYBOARD EVENT
22:55:10   81 Movin
22:55:10   81 GETTING EVENT
22:55:10   82 GETTING EVENT
22:55:10   82 KEYBOARD EVENT
22:55:10   82 Movin
22:55:10   82 GETTING EVENT
22:55:10   83 GETTING EVENT
22:55:10   83 KEYBOARD EVENT
22:55:10   83 Movin
22:55:10   83 GETTING EVENT
22:55:10   84 GETTING EVENT
22:55:10   84 KEYBOARD EVENT
22:55:10   84 Movin
22:55:10   84 GETTING EVENT
22:55:10   84 KEYBOARD EVENT
22:55:10   84 Movin
22:55:10   84 GETTING EVENT
22:55:10   84 KEYBOARD EVENT
22:55:10   84 Movin
22:55:10   84 GETTING EVENT
22:55:10   85 GETTING EVENT
22:55:10   85 KEYBOARD EVENT
22:55:10   85 Movin
22:55:10   85 GETTING EVENT
22:55:10   85 KEYBOARD EVENT
22:55:10   85 Movin
22:55:10   85 GETTING EVENT
22:55:10   86 GETTING EVENT
22:55:10   86 KEYBOARD EVENT
22:55:10   86 Movin
22:55:10   86 GETTING EVENT
22:55:10   86 KEYBOARD EVENT
22:55:10   86 Movin
22:55:10   86 GETTING EVENT
22:55:10   87 GETTING EVENT
22:55:10   87 KEYBOARD EVENT
22:55:10   87 Movin
22:55:10   87 GETTING EVENT
22:55:10   87 KEYBOARD EVENT
22:55:10   87 Movin
22:55:10   87 GETTING EVENT
22:55:10   88 GETTING EVENT
22:55:10   88 KEYBOARD EVENT
22:55:10   88 Movin
22:55:10   88 GETTING EVENT
22:55:10   88 KEYBOARD EVENT
22:55:10   88 Movin
22:55:10   88 GETTING EVENT
22:55:10   88 GETTING EVENT
22:55:10   88 Hero was hit
22:55:10   88 GETTING EVENT
22:55:10   89 GETTING EVENT
22:55:10   89 KEYBOARD EVENT
22:55:10   89 Movin
22:55:10   89 GETTING EVENT
22:55:10   89 KEYBOARD EVENT
22:55:10   89 Movin
22:55:10   89 GETTING EVENT
22:55:10   89 GETTING EVENT
22:55:10   89 GETTING EVENT
22:55:10   89 Hero was hit
22:55:10   90 GETTING EVENT
22:55:10   90 KEYBOARD EVENT
22:55:10   90 Movin
22:55:10   90 GETTING EVENT
22:55:10   90 KEYBOARD EVENT
22:55:10   90 Movin
22:55:10   90 GETTING EVENT
22:55:10   90 GETTING EVENT
22:55:10   90 GETTING EVENT
22:55:10   90 Hero was hit
22:55:10   90 GETTING EVENT
22:55:10   90 Hero was hit
22:55:10   90 GETTING EVENT
22:55:10   91 GETTING EVENT
22:55:10   91 KEYBOARD EVENT
22:55:10   91 Movin
22:55:10   91 GETTING EVENT
22:55:10   91 KEYBOARD EVENT
22:55:10   91 Movin
22:55:10   91 GETTING EVENT
22:55:10   91 GETTING EVENT
22:55:10   91 GETTING EVENT
22:55:10   91 Hero was hit
22:55:10   91 GETTING EVENT
22:55:10   91 Hero was hit
22:55:10   91 GETTING EVENT
22:55:10   92 GETTING EVENT
22:55:10   92 KEYBOARD EVENT
22:55:10   92 Movin
22:55:10   92 GETTING EVENT
22:55:10   92 KEYBOARD EVENT
22:55:10   92 Movin
22:55:10   92 GETTING EVENT
22:55:10   92 GETTING EVENT
22:55:10   92 GETTING EVENT
22:55:10   92 Hero was hit
22:55:10   92 GETTING EVENT
22:55:10   92 Hero was hit
22:55:10   92 GETTING EVENT
22:55:10   93 GETTING EVENT
22:55:10   93 KEYBOARD EVENT
22:55:10   93 Movin
22:55:10   93 GETTING EVENT
22:55:10   93 KEYBOARD EVENT
22:55:10   93 Movin
22:55:10   93 GETTING EVENT
22:55:10   93 GETTING EVENT
22:55:10   93 GETTING EVENT
22:55:10   93 Hero was hit
22:55:10   93 GETTING EVENT
22:55:10   93 Hero was hit
22:55:10   93 GETTING EVENT
22:55:10   94 GETTING EVENT
22:55:10   94 KEYBOARD EVENT
22:55:10   94 Movin
22:55:10   94 GETTING EVENT
22:55:10   94 GETTING EVENT
22:55:10   94 GETTING EVENT
22:55:10   94 Hero was hit
22:55:10   94 GETTING EVENT
22:55:10   94 Hero was hit
22:55:10   94 GETTING EVENT
22:55:10   95 GETTING EVENT
22:55:10   95 KEYBOARD EVENT
22:55:10   95 Movin
22:55:10   95 GETTING EVENT
22:55:10   95 KEYBOARD EVENT
22:55:10   95 Movin
22:55:10   95 GETTING EVENT
22:55:10   95 GETTING EVENT
22:55:10   95 Hero was hit
22:55:10   95 GETTING EVENT
22:55:10   96 GETTING EVENT
22:55:10   96 KEYBOARD EVENT
22:55:10   96 Movin
22:55:10   96 GETTING EVENT
22:55:10   96 GETTING EVENT
22:55:10   96 Hero was hit
22:55:10   96 GETTING EVENT
22:55:10   97 GETTING EVENT
22:55:10   97 KEYBOARD EVENT
22:55:10   97 Movin
22:55:10   97 GETTING EVENT
22:55:10   97 GETTING EVENT
22:55:10   97 Hero was hit
22:55:10   97 GETTING EVENT
22:55:10   98 GETTING EVENT
22:55:10   98 KEYBOARD EVENT
22:55:10   98 Movin
22:55:10   98 GETTING EVENT
22:55:10   98 GETTING EVENT
22:55:10   98 Hero was hit
22:55:10   98 GETTING EVENT
22:55:10   99 GETTING EVENT
22:55:10   99 KEYBOARD EVENT
22:55:10   99 Movin
22:55:10   99 GETTING EVENT
22:55:10   99 KEYBOARD EVENT
22:55:10   99 Movin
22:55:10   99 GETTING EVENT
22:55:10   99 KEYBOARD EVENT
22:55:10   99 Movin
22:55:10   99 GETTING EVENT
22:55:10   99 GETTING EVENT
22:55:10   99 Hero was hit
22:55:10   99 GETTING EVENT
22:55:10  100 GETTING EVENT
22:55:10  100 KEYBOARD EVENT
22:55:10  100 Movin
22:55:10  100 GETTING EVENT
22:55:10  100 GETTING EVENT
22:55:10  100 Hero was hit
22:55:10  100 GETTING EVENT
22:55:10  101 GETTING EVENT
22:55:10  101 KEYBOARD EVENT
22:55:10  101 Movin
22:55:10  101 GETTING EVENT
22:55:10  101 GETTING EVENT
22:55:10  101 Hero was hit
22:55:10  101 GETTING EVENT
22:55:10  102 GETTING EVENT
22:55:10  102 KEYBOARD EVENT
22:55:10  102 Movin
22:55:10  102 GETTING EVENT
22:55:10  102 GETTING EVENT
22:55:10  102 Hero was hit
22:55:10  102 GETTING EVENT
22:55:10  103 GETTING EVENT
22:55:10  103 KEYBOARD EVENT
22:55:10  103 Movin
22:55:10  103 GETTING EVENT
22:55:10  103 GETTING EVENT
22:55:10  103 Hero was hit
22:55:10  103 GETTING EVENT
22:55:10  104 GETTING EVENT
22:55:10  104 KEYBOARD EVENT
22:55:10  104 Movin
22:55:10  104 GETTING EVENT
22:55:10  104 GETTING EVENT
22:55:10  104 Hero was hit
22:55:10  104 GETTING EVENT
22:55:10  105 GETTING EVENT
22:55:10  105 KEYBOARD EVENT
22:55:10  105 Movin
22:55:10  105 GETTING EVENT
22:55:10  105 GETTING EVENT
22:55:10  105 Hero was hit
22:55:10  105 GETTING EVENT
22:55:10  106 GETTING EVENT
22:55:10  106 KEYBOARD EVENT
22:55:10  106 Movin
22:55:10  106 GETTING EVENT
22:55:10  106 GETTING EVENT
22:55:10  106 Hero was hit
22:55:10  106 GETTING EVENT
22:55:10  107 GETTING EVENT
22:55:10  107 KEYBOARD EVENT
22:55:10  107 Movin
22:55:10  107 SceneGraph::updateAltitude(): remove from old altitude (2) failed!
22:55:10  107 GETTING EVENT
22:55:10  107 KEYBOARD EVENT
22:55:10  107 Movin
22:55:10  107 GETTING EVENT
22:55:10  107 KEYBOARD EVENT
22:55:10  107 Movin
22:55:10  107 GETTING EVENT
22:55:10  107 GETTING EVENT
22:55:10  107 GETTING EVENT
22:55:10  107 Hero was hit
22:55:10  107 GETTING EVENT
22:55:10  107 GETTING EVENT
22:55:10  107 Player issued an efficient attack
22:55:10  108 GETTING EVENT
22:55:10  108 KEYBOARD EVENT
22:55:10  108 Movin
22:55:10  108 GETTING EVENT
22:55:10  108 KEYBOARD EVENT
22:55:10  108 Movin
22:55:10  108 GETTING EVENT
22:55:10  108 GETTING EVENT
22:55:10  108 Hero was hit
22:55:10  108 GETTING EVENT
22:55:10  109 GETTING EVENT
22:55:10  109 KEYBOARD EVENT
22:55:10  109 Movin
22:55:10  109 GETTING EVENT
22:55:10  109 GETTING EVENT
22:55:10  109 Hero was hit
22:55:10  109 GETTING EVENT
22:55:10  110 GETTING EVENT
22:55:10  110 KEYBOARD EVENT
22:55:10  110 Movin
22:55:10  110 GETTING EVENT
22:55:10  110 GETTING EVENT
22:55:10  110 Hero was hit
22:55:10  110 GETTING EVENT
22:55:11  111 GETTING EVENT
22:55:11  111 KEYBOARD EVENT
22:55:11  111 Movin
22:55:11  111 GETTING EVENT
22:55:11  111 KEYBOARD EVENT
22:55:11  111 Movin
22:55:11  111 GETTING EVENT
22:55:11  111 KEYBOARD EVENT
22:55:11  111 Movin
22:55:11  111 GETTING EVENT
22:55:11  111 GETTING EVENT
22:55:11  111 GETTING EVENT
22:55:11  111 Hero was hit
22:55:11  111 GETTING EVENT
22:55:11  111 Hero was hit
22:55:11  111 GETTING EVENT
22:55:11  112 GETTING EVENT
22:55:11  112 KEYBOARD EVENT
22:55:11  112 Movin
22:55:11  112 GETTING EVENT
22:55:11  112 KEYBOARD EVENT
22:55:11  112 Movin
22:55:11  112 GETTING EVENT
22:55:11  112 GETTING EVENT
22:55:11  112 GETTING EVENT
22:55:11  112 Hero was hit
22:55:11  112 GETTING EVENT
22:55:11  112 Hero was hit
22:55:11  112 GETTING EVENT
22:55:11  113 GETTING EVENT
22:55:11  113 KEYBOARD EVENT
22:55:11  113 Movin
22:55:11  113 GETTING EVENT
22:55:11  113 KEYBOARD EVENT
22:55:11  113 Movin
22:55:11  113 GETTING EVENT
22:55:11  113 GETTING EVENT
22:55:11  113 GETTING EVENT
22:55:11  113 Hero was hit
22:55:11  113 GETTING EVENT
22:55:11  113 Hero was hit
22:55:11  113 GETTING EVENT
22:55:11  114 GETTING EVENT
22:55:11  114 KEYBOARD EVENT
22:55:11  114 Movin
22:55:11  114 GETTING EVENT
22:55:11  114 KEYBOARD EVENT
22:55:11  114 Movin
22:55:11  114 GETTING EVENT
22:55:11  114 GETTING EVENT
22:55:11  114 GETTING EVENT
22:55:11  114 Hero was hit
22:55:11  114 GETTING EVENT
22:55:11  114 Hero was hit
22:55:11  114 GETTING EVENT
22:55:11  115 GETTING EVENT
22:55:11  115 KEYBOARD EVENT
22:55:11  115 Movin
22:55:11  115 GETTING EVENT
22:55:11  115 GETTING EVENT
22:55:11  115 GETTING EVENT
22:55:11  115 Hero was hit
22:55:11  115 GETTING EVENT
22:55:11  115 Hero was hit
22:55:11  115 GETTING EVENT
22:55:11  116 GETTING EVENT
22:55:11  116 KEYBOARD EVENT
22:55:11  116 Movin
22:55:11  116 GETTING EVENT
22:55:11  116 GETTING EVENT
22:55:11  116 GETTING EVENT
22:55:11  116 Hero was hit
22:55:11  116 GETTING EVENT
22:55:11  116 Hero was hit
22:55:11  116 GETTING EVENT
22:55:11  117 GETTING EVENT
22:55:11  117 KEYBOARD EVENT
22:55:11  117 Movin
22:55:11  117 GETTING EVENT
22:55:11  117 GETTING EVENT
22:55:11  117 Hero was hit
22:55:11  117 GETTING EVENT
22:55:11  118 GETTING EVENT
22:55:11  118 GETTING EVENT
22:55:11  118 Hero was hit
22:55:11  118 GETTING EVENT
22:55:11  119 GETTING EVENT
22:55:11  119 GETTING EVENT
22:55:11  119 Hero was hit
22:55:11  119 GETTING EVENT
22:55:11  120 GETTING EVENT
22:55:11  120 GETTING EVENT
22:55:11  120 Hero was hit
22:55:11  120 GETTING EVENT
22:55:11  121 GETTING EVENT
22:55:11  121 GETTING EVENT
22:55:11  121 Hero was hit
22:55:11  121 GETTING EVENT
22:55:11  122 GETTING EVENT
22:55:11  122 GETTING EVENT
22:55:11  122 Hero was hit
22:55:11  122 GETTING EVENT
22:55:11  123 GETTING EVENT
22:55:11  123 GETTING EVENT
22:55:11  123 Hero was hit
22:55:11  123 GETTING EVENT
22:55:11  124 GETTING EVENT
22:55:11  124 KEYBOARD EVENT
22:55:11  124 Movin
22:55:11  124 GETTING EVENT
22:55:11  124 KEYBOARD EVENT
22:55:11  124 Movin
22:55:11  124 GETTING EVENT
22:55:11  125 GETTING EVENT
22:55:11  125 KEYBOARD EVENT
22:55:11  125 Movin
22:55:11  125 GETTING EVENT
22:55:11  126 GETTING EVENT
22:55:11  126 KEYBOARD EVENT
22:55:11  126 Movin
22:55:11  126 GETTING EVENT
22:55:11  127 GETTING EVENT
22:55:11  127 KEYBOARD EVENT
22:55:11  127 Movin
22:55:11  127 GETTING EVENT
22:55:11  128 GETTING EVENT
22:55:11  128 KEYBOARD EVENT
22:55:11  128 Movin
22:55:11  128 GETTING EVENT
22:55:11  129 GETTING EVENT
22:55:11  129 KEYBOARD EVENT
22:55:11  129 Movin
22:55:11  129 GETTING EVENT
22:55:11  130 GETTING EVENT
22:55:11  130 KEYBOARD EVENT
22:55:11  130 Movin
22:55:11  130 GETTING EVENT
22:55:11  131 GETTING EVENT
22:55:11  131 KEYBOARD EVENT
22:55:11  131 Movin
22:55:11  131 GETTING EVENT
22:55:11  132 GETTING EVENT
22:55:11  132 KEYBOARD EVENT
22:55:11  132 Movin
22:55:11  132 GETTING EVENT
22:55:11  133 GETTING EVENT
22:55:11  133 KEYBOARD EVENT
22:55:11  133 Movin
22:55:11  133 GETTING EVENT
22:55:11  134 GETTING EVENT
22:55:11  134 KEYBOARD EVENT
22:55:11  134 Movin
22:55:11  134 GETTING EVENT
22:55:11  134 KEYBOARD EVENT
22:55:11  134 Movin
22:55:11  134 GETTING EVENT
22:55:11  134 KEYBOARD EVENT
22:55:11  134 Movin
22:55:11  134 GETTING EVENT
22:55:11  135 GETTING EVENT
22:55:11  135 KEYBOARD EVENT
22:55:11  135 Movin
22:55:11  135 GETTING EVENT
22:55:11  135 KEYBOARD EVENT
22:55:11  135 Movin
22:55:11  135 GETTING EVENT
22:55:11  136 GETTING EVENT
22:55:11  136 KEYBOARD EVENT
22:55:11  136 Movin
22:55:11  136 GETTING EVENT
22:55:11  137 GETTING EVENT
22:55:11  137 KEYBOARD EVENT
22:55:11  137 Movin
22:55:11  137 GETTING EVENT
22:55:11  138 GETTING EVENT
22:55:11  138 KEYBOARD EVENT
22:55:11  138 Movin
22:55:11  138 GETTING EVENT
22:55:11  138 GETTING EVENT
22:55:11  138 Hero was hit
22:55:11  138 GETTING EVENT
22:55:11  139 GETTING EVENT
22:55:11  139 KEYBOARD EVENT
22:55:11  139 Movin
22:55:11  139 GETTING EVENT
22:55:11  139 GETTING EVENT
22:55:11  139 Hero was hit
22:55:11  139 GETTING EVENT
22:55:11  140 GETTING EVENT
22:55:11  140 KEYBOARD EVENT
22:55:11  140 Movin
22:55:11  140 SceneGraph::updateAltitude(): remove from old altitude (2) failed!
22:55:11  140 GETTING EVENT
22:55:11  140 KEYBOARD EVENT
22:55:11  140 Movin
22:55:11  140 GETTING EVENT
22:55:11  140 KEYBOARD EVENT
22:55:11  140 Movin
22:55:11  140 GETTING EVENT
22:55:11  140 GETTING EVENT
22:55:11  140 Hero was hit
22:55:11  140 GETTING EVENT
22:55:11  140 GETTING EVENT
22:55:11  140 Player issued an efficient attack
22:55:12  141 GETTING EVENT
22:55:12  141 KEYBOARD EVENT
22:55:12  141 Movin
22:55:12  141 GETTING EVENT
22:55:12  141 KEYBOARD EVENT
22:55:12  141 Movin
22:55:12  141 GETTING EVENT
22:55:12  141 GETTING EVENT
22:55:12  141 Hero was hit
22:55:12  141 GETTING EVENT
22:55:12  142 GETTING EVENT
22:55:12  142 KEYBOARD EVENT
22:55:12  142 Movin
22:55:12  142 GETTING EVENT
22:55:12  142 KEYBOARD EVENT
22:55:12  142 Movin
22:55:12  142 GETTING EVENT
22:55:12  142 GETTING EVENT
22:55:12  142 Hero was hit
22:55:12  142 GETTING EVENT
22:55:12  143 GETTING EVENT
22:55:12  143 KEYBOARD EVENT
22:55:12  143 Movin
22:55:12  143 GETTING EVENT
22:55:12  143 KEYBOARD EVENT
22:55:12  143 Movin
22:55:12  143 GETTING EVENT
22:55:12  143 GETTING EVENT
22:55:12  143 Hero was hit
22:55:12  143 GETTING EVENT
22:55:12  144 GETTING EVENT
22:55:12  144 KEYBOARD EVENT
22:55:12  144 Movin
22:55:12  144 GETTING EVENT
22:55:12  144 KEYBOARD EVENT
22:55:12  144 Movin
22:55:12  144 GETTING EVENT
22:55:12  144 GETTING EVENT
22:55:12  144 Hero was hit
22:55:12  144 GETTING EVENT
22:55:12  145 GETTING EVENT
22:55:12  145 KEYBOARD EVENT
22:55:12  145 Movin
22:55:12  145 GETTING EVENT
22:55:12  145 KEYBOARD EVENT
22:55:12  145 Movin
22:55:12  145 GETTING EVENT
22:55:12  146 GETTING EVENT
22:55:12  146 KEYBOARD EVENT
22:55:12  146 Movin
22:55:12  146 GETTING EVENT
22:55:12  147 GETTING EVENT
22:55:12  147 KEYBOARD EVENT
22:55:12  147 Movin
22:55:12  147 GETTING EVENT
22:55:12  148 GETTING EVENT
22:55:12  148 KEYBOARD EVENT
22:55:12  148 Movin
22:55:12  148 GETTING EVENT
22:55:12  149 GETTING EVENT
22:55:12  149 KEYBOARD EVENT
22:55:12  149 Movin
22:55:12  149 GETTING EVENT
22:55:12  150 GETTING EVENT
22:55:12  150 KEYBOARD EVENT
22:55:12  150 Movin
22:55:12  150 GETTING EVENT
22:55:12  151 GETTING EVENT
22:55:12  151 KEYBOARD EVENT
22:55:12  151 Movin
22:55:12  151 GETTING EVENT
22:55:12  152 GETTING EVENT
22:55:12  152 KEYBOARD EVENT
22:55:12  152 Movin
22:55:12  152 GETTING EVENT
22:55:12  153 GETTING EVENT
22:55:12  153 KEYBOARD EVENT
22:55:12  153 Movin
22:55:12  153 GETTING EVENT
22:55:12  154 GETTING EVENT
22:55:12  154 KEYBOARD EVENT
22:55:12  154 Movin
22:55:12  154 GETTING EVENT
22:55:12  155 GETTING EVENT
22:55:12  155 KEYBOARD EVENT
22:55:12  155 Movin
22:55:12  155 GETTING EVENT
22:55:12  155 KEYBOARD EVENT
22:55:12  155 Movin
22:55:12  155 GETTING EVENT
22:55:12  155 KEYBOARD EVENT
22:55:12  155 Movin
22:55:12  155 GETTING EVENT
22:55:12  156 GETTING EVENT
22:55:12  156 KEYBOARD EVENT
22:55:12  156 Movin
22:55:12  156 GETTING EVENT
22:55:12  156 KEYBOARD EVENT
22:55:12  156 Movin
22:55:12  156 GETTING EVENT
22:55:12  157 GETTING EVENT
22:55:12  157 KEYBOARD EVENT
22:55:12  157 Movin
22:55:12  157 GETTING EVENT
22:55:12  157 KEYBOARD EVENT
22:55:12  157 Movin
22:55:12  157 GETTING EVENT
22:55:12  158 GETTING EVENT
22:55:12  158 KEYBOARD EVENT
22:55:12  158 Movin
22:55:12  158 GETTING EVENT
22:55:12  158 KEYBOARD EVENT
22:55:12  158 Movin
22:55:12  158 GETTING EVENT
22:55:12  159 GETTING EVENT
22:55:12  159 KEYBOARD EVENT
22:55:12  159 Movin
22:55:12  159 GETTING EVENT
22:55:12  159 KEYBOARD EVENT
22:55:12  159 Movin
22:55:12  159 GETTING EVENT
22:55:12  160 GETTING EVENT
22:55:12  160 KEYBOARD EVENT
22:55:12  160 Movin
22:55:12  160 GETTING EVENT
22:55:12  160 KEYBOARD EVENT
22:55:12  160 Movin
22:55:12  160 GETTING EVENT
22:55:12  161 GETTING EVENT
22:55:12  161 KEYBOARD EVENT
22:55:12  161 Movin
22:55:12  161 GETTING EVENT
22:55:12  161 KEYBOARD EVENT
22:55:12  161 Movin
22:55:12  161 GETTING EVENT
22:55:12  162 GETTING EVENT
22:55:12  162 KEYBOARD EVENT
22:55:12  162 Movin
22:55:12  162 GETTING EVENT
22:55:12  162 KEYBOARD EVENT
22:55:12  162 Movin
22:55:12  162 GETTING EVENT
22:55:12  163 GETTING EVENT
22:55:12  163 KEYBOARD EVENT
22:55:12  163 Movin
22:55:12  163 GETTING EVENT
22:55:12  163 KEYBOARD EVENT
22:55:12  163 Movin
22:55:12  163 GETTING EVENT
22:55:12  164 GETTING EVENT
22:55:12  164 KEYBOARD EVENT
22:55:12  164 Movin
22:55:12  164 GETTING EVENT
22:55:12  164 KEYBOARD EVENT
22:55:12  164 Movin
22:55:12  164 GETTING EVENT
22:55:12  165 GETTING EVENT
22:55:12  165 KEYBOARD EVENT
22:55:12  165 Movin
22:55:12  165 GETTING EVENT
22:55:12  165 KEYBOARD EVENT
22:55:12  165 Movin
22:55:12  165 GETTING EVENT
22:55:12  166 GETTING EVENT
22:55:12  166 KEYBOARD EVENT
22:55:12  166 Movin
22:55:12  166 GETTING EVENT
22:55:12  166 KEYBOARD EVENT
22:55:12  166 Movin
22:55:12  166 GETTING EVENT
22:55:12  167 GETTING EVENT
22:55:12  167 KEYBOARD EVENT
22:55:12  167 Movin
22:55:12  167 GETTING EVENT
22:55:12  167 KEYBOARD EVENT
22:55:12  167 Movin
22:55:12  167 GETTING EVENT
22:55:12  168 GETTING EVENT
22:55:12  168 KEYBOARD EVENT
22:55:12  168 Movin
22:55:12  168 GETTING EVENT
22:55:12  168 KEYBOARD EVENT
22:55:12  168 Movin
22:55:12  168 GETTING EVENT
22:55:12  169 GETTING EVENT
22:55:12  169 KEYBOARD EVENT
22:55:12  169 Movin
22:55:12  169 GETTING EVENT
22:55:12  169 KEYBOARD EVENT
22:55:12  169 Movin
22:55:12  169 GETTING EVENT
22:55:12  170 GETTING EVENT
22:55:12  170 KEYBOARD EVENT
22:55:12  170 Movin
22:55:12  170 GETTING EVENT
22:55:12  170 KEYBOARD EVENT
22:55:12  170 Movin
22:55:12  170 GETTING EVENT
22:55:13  171 GETTING EVENT
22:55:13  171 KEYBOARD EVENT
22:55:13  171 Movin
22:55:13  171 GETTING EVENT
22:55:13  171 KEYBOARD EVENT
22:55:13  171 Movin
22:55:13  171 GETTING EVENT
22:55:13  172 GETTING EVENT
22:55:13  172 KEYBOARD EVENT
22:55:13  172 Movin
22:55:13  172 GETTING EVENT
22:55:13  172 KEYBOARD EVENT
22:55:13  172 Movin
22:55:13  172 GETTING EVENT
22:55:13  173 GETTING EVENT
22:55:13  173 KEYBOARD EVENT
22:55:13  173 Movin
22:55:13  173 GETTING EVENT
22:55:13  173 KEYBOARD EVENT
22:55:13  173 Movin
22:55:13  173 GETTING EVENT
22:55:13  174 GETTING EVENT
22:55:13  174 KEYBOARD EVENT
22:55:13  174 Movin
22:55:13  174 GETTING EVENT
22:55:13  174 KEYBOARD EVENT
22:55:13  174 Movin
22:55:13  174 GETTING EVENT
22:55:13  175 GETTING EVENT
22:55:13  175 KEYBOARD EVENT
22:55:13  175 Movin
22:55:13  175 GETTING EVENT
22:55:13  175 KEYBOARD EVENT
22:55:13  175 Movin
22:55:13  175 GETTING EVENT
22:55:13  176 GETTING EVENT
22:55:13  176 KEYBOARD EVENT
22:55:13  176 Movin
22:55:13  176 GETTING EVENT
22:55:13  176 KEYBOARD EVENT
22:55:13  176 Movin
22:55:13  176 GETTING EVENT
22:55:13  176 KEYBOARD EVENT
22:55:13  176 Movin
22:55:13  176 GETTING EVENT
22:55:13  176 KEYBOARD EVENT
22:55:13  176 Movin
22:55:13  176 GETTING EVENT
22:55:13  177 GETTING EVENT
22:55:13  177 KEYBOARD EVENT
22:55:13  177 Movin
22:55:13  177 GETTING EVENT
22:55:13  177 KEYBOARD EVENT
22:55:13  177 Movin
22:55:13  177 GETTING EVENT
22:55:13  178 GETTING EVENT
22:55:13  178 KEYBOARD EVENT
22:55:13  178 Movin
22:55:13  178 GETTING EVENT
22:55:13  178 KEYBOARD EVENT
22:55:13  178 Movin
22:55:13  178 GETTING EVENT
22:55:13  179 GETTING EVENT
22:55:13  179 KEYBOARD EVENT
22:55:13  179 Movin
22:55:13  179 GETTING EVENT
22:55:13  179 KEYBOARD EVENT
22:55:13  179 Movin
22:55:13  179 GETTING EVENT
22:55:13  180 GETTING EVENT
22:55:13  180 KEYBOARD EVENT
22:55:13  180 Movin
22:55:13  180 GETTING EVENT
22:55:13  180 KEYBOARD EVENT
22:55:13  180 Movin
22:55:13  180 GETTING EVENT
22:55:13  181 GETTING EVENT
22:55:13  181 KEYBOARD EVENT
22:55:13  181 Movin
22:55:13  181 GETTING EVENT
22:55:13  181 KEYBOARD EVENT
22:55:13  181 Movin
22:55:13  181 GETTING EVENT
22:55:13  182 GETTING EVENT
22:55:13  182 KEYBOARD EVENT
22:55:13  182 Movin
22:55:13  182 GETTING EVENT
22:55:13  182 KEYBOARD EVENT
22:55:13  182 Movin
22:55:13  182 GETTING EVENT
22:55:13  183 GETTING EVENT
22:55:13  183 KEYBOARD EVENT
22:55:13  183 Movin
22:55:13  183 GETTING EVENT
22:55:13  183 KEYBOARD EVENT
22:55:13  183 Movin
22:55:13  183 GETTING EVENT
22:55:13  184 GETTING EVENT
22:55:13  184 KEYBOARD EVENT
22:55:13  184 Movin
22:55:13  184 GETTING EVENT
22:55:13  184 KEYBOARD EVENT
22:55:13  184 Movin
22:55:13  184 GETTING EVENT
22:55:13  185 GETTING EVENT
22:55:13  185 KEYBOARD EVENT
22:55:13  185 Movin
22:55:13  185 GETTING EVENT
22:55:13  185 KEYBOARD EVENT
22:55:13  185 Movin
22:55:13  185 GETTING EVENT
22:55:13  186 GETTING EVENT
22:55:13  186 KEYBOARD EVENT
22:55:13  186 Movin
22:55:13  186 GETTING EVENT
22:55:13  186 KEYBOARD EVENT
22:55:13  186 Movin
22:55:13  186 GETTING EVENT
22:55:13  187 GETTING EVENT
22:55:13  187 KEYBOARD EVENT
22:55:13  187 Movin
22:55:13  187 GETTING EVENT
22:55:13  187 KEYBOARD EVENT
22:55:13  187 Movin
22:55:13  187 GETTING EVENT
22:55:13  188 GETTING EVENT
22:55:13  188 KEYBOARD EVENT
22:55:13  188 Movin
22:55:13  188 GETTING EVENT
22:55:13  188 KEYBOARD EVENT
22:55:13  188 Movin
22:55:13  188 GETTING EVENT
22:55:13  189 GETTING EVENT
22:55:13  189 KEYBOARD EVENT
22:55:13  189 Movin
22:55:13  189 GETTING EVENT
22:55:13  189 KEYBOARD EVENT
22:55:13  189 Movin
22:55:13  189 GETTING EVENT
22:55:13  190 GETTING EVENT
22:55:13  190 KEYBOARD EVENT
22:55:13  190 Movin
22:55:13  190 GETTING EVENT
22:55:13  190 KEYBOARD EVENT
22:55:13  190 Movin
22:55:13  190 GETTING EVENT
22:55:13  191 GETTING EVENT
22:55:13  191 KEYBOARD EVENT
22:55:13  191 Movin
22:55:13  191 GETTING EVENT
22:55:13  191 KEYBOARD EVENT
22:55:13  191 Movin
22:55:13  191 GETTING EVENT
22:55:13  192 GETTING EVENT
22:55:13  192 KEYBOARD EVENT
22:55:13  192 Movin
22:55:13  192 GETTING EVENT
22:55:13  192 KEYBOARD EVENT
22:55:13  192 Movin
22:55:13  192 GETTING EVENT
22:55:13  193 GETTING EVENT
22:55:13  193 KEYBOARD EVENT
22:55:13  193 Movin
22:55:13  193 GETTING EVENT
22:55:13  193 KEYBOARD EVENT
22:55:13  193 Movin
22:55:13  193 GETTING EVENT
22:55:13  194 GETTING EVENT
22:55:13  194 KEYBOARD EVENT
22:55:13  194 Movin
22:55:13  194 GETTING EVENT
22:55:13  194 KEYBOARD EVENT
22:55:13  194 Movin
22:55:13  194 GETTING EVENT
22:55:13  195 GETTING EVENT
22:55:13  195 KEYBOARD EVENT
22:55:13  195 Movin
22:55:13  195 GETTING EVENT
22:55:13  195 KEYBOARD EVENT
22:55:13  195 Movin
22:55:13  195 GETTING EVENT
22:55:13  196 GETTING EVENT
22:55:13  196 KEYBOARD EVENT
22:55:13  196 Movin
22:55:13  196 GETTING EVENT
22:55:13  196 KEYBOARD EVENT
22:55:13  196 Movin
22:55:13  196 GETTING EVENT
22:55:13  197 GETTING EVENT
22:55:13  197 KEYBOARD EVENT
22:55:13  197 Movin
22:55:13  197 GETTING EVENT
22:55:13  197 KEYBOARD EVENT
22:55:13  197 Movin
22:55:13  197 GETTING EVENT
22:55:13  198 GETTING EVENT
22:55:13  198 KEYBOARD EVENT
22:55:13  198 Movin
22:55:13  198 GETTING EVENT
22:55:13  198 KEYBOARD EVENT
22:55:13  198 Movin
22:55:13  198 GETTING EVENT
22:55:13  199 GETTING EVENT
22:55:13  199 KEYBOARD EVENT
22:55:13  199 Movin
22:55:13  199 GETTING EVENT
22:55:13  199 KEYBOARD EVENT
22:55:13  199 Movin
22:55:13  199 GETTING EVENT
22:55:13  200 GETTING EVENT
22:55:13  200 KEYBOARD EVENT
22:55:13  200 Movin
22:55:13  200 GETTING EVENT
22:55:13  200 KEYBOARD EVENT
22:55:13  200 Movin
22:55:13  200 GETTING EVENT
22:55:13  201 GETTING EVENT
22:55:13  201 KEYBOARD EVENT
22:55:13  201 Movin
22:55:13  201 GETTING EVENT
22:55:13  201 KEYBOARD EVENT
22:55:13  201 Movin
22:55:13  201 GETTING EVENT
22:55:14  202 GETTING EVENT
22:55:14  202 KEYBOARD EVENT
22:55:14  202 Movin
22:55:14  202 GETTING EVENT
22:55:14  202 KEYBOARD EVENT
22:55:14  202 Movin
22:55:14  202 GETTING EVENT
22:55:14  203 GETTING EVENT
22:55:14  203 KEYBOARD EVENT
22:55:14  203 Movin
22:55:14  203 GETTING EVENT
22:55:14  204 GETTING EVENT
22:55:14  204 KEYBOARD EVENT
22:55:14  204 Movin
22:55:14  204 GETTING EVENT
22:55:14  205 GETTING EVENT
22:55:14  205 KEYBOARD EVENT
22:55:14  205 Movin
22:55:14  205 GETTING EVENT
22:55:14  206 GETTING EVENT
22:55:14  206 KEYBOARD EVENT
22:55:14  206 Movin
22:55:14  206 GETTING EVENT
22:55:14  207 GETTING EVENT
22:55:14  207 KEYBOARD EVENT
22:55:14  207 Movin
22:55:14  207 GETTING EVENT
22:55:14  208 GETTING EVENT
22:55:14  208 KEYBOARD EVENT
22:55:14  208 Movin
22:55:14  208 GETTING EVENT
22:55:14  208 GETTING EVENT
22:55:14  208 Hero was hit
22:55:14  208 GETTING EVENT
22:55:14  209 GETTING EVENT
22:55:14  209 KEYBOARD EVENT
22:55:14  209 Movin
22:55:14  209 GETTING EVENT
22:55:14  209 GETTING EVENT
22:55:14  209 Hero was hit
22:55:14  209 GETTING EVENT
22:55:14  210 GETTING EVENT
22:55:14  210 KEYBOARD EVENT
22:55:14  210 Movin
22:55:14  210 GETTING EVENT
22:55:14  210 GETTING EVENT
22:55:14  210 Hero was hit
22:55:14  210 GETTING EVENT
22:55:14  211 GETTING EVENT
22:55:14  211 KEYBOARD EVENT
22:55:14  211 Movin
22:55:14  211 GETTING EVENT
22:55:14  211 GETTING EVENT
22:55:14  211 Hero was hit
22:55:14  211 GETTING EVENT
22:55:14  212 GETTING EVENT
22:55:14  212 KEYBOARD EVENT
22:55:14  212 Movin
22:55:14  212 GETTING EVENT
22:55:14  212 GETTING EVENT
22:55:14  212 Hero was hit
22:55:14  212 GETTING EVENT
22:55:14  213 GETTING EVENT
22:55:14  213 KEYBOARD EVENT
22:55:14  213 Movin
22:55:14  213 GETTING EVENT
22:55:14  213 GETTING EVENT
22:55:14  213 Hero was hit
22:55:14  213 GETTING EVENT
22:55:14  214 GETTING EVENT
22:55:14  214 KEYBOARD EVENT
22:55:14  214 Movin
22:55:14  214 GETTING EVENT
22:55:14  214 GETTING EVENT
22:55:14  214 Hero was hit
22:55:14  214 GETTING EVENT
22:55:14  215 GETTING EVENT
22:55:14  215 KEYBOARD EVENT
22:55:14  215 Movin
22:55:14  215 GETTING EVENT
22:55:14  215 GETTING EVENT
22:55:14  215 Hero was hit
22:55:14  215 GETTING EVENT
22:55:14  216 GETTING EVENT
22:55:14  216 KEYBOARD EVENT
22:55:14  216 Movin
22:55:14  216 GETTING EVENT
22:55:14  216 GETTING EVENT
22:55:14  216 Hero was hit
22:55:14  216 GETTING EVENT
22:55:14  217 GETTING EVENT
22:55:14  217 KEYBOARD EVENT
22:55:14  217 Movin
22:55:14  217 GETTING EVENT
22:55:14  217 GETTING EVENT
22:55:14  217 Hero was hit
22:55:14  217 GETTING EVENT
22:55:14  218 GETTING EVENT
22:55:14  218 GETTING EVENT
22:55:14  218 Hero was hit
22:55:14  218 GETTING EVENT
22:55:14  219 GETTING EVENT
22:55:14  219 GETTING EVENT
22:55:14  219 Hero was hit
22:55:14  219 GETTING EVENT
22:55:14  220 GETTING EVENT
22:55:14  220 KEYBOARD EVENT
22:55:14  220 Movin
22:55:14  220 GETTING EVENT
22:55:14  220 KEYBOARD EVENT
22:55:14  220 Movin
22:55:14  220 GETTING EVENT
22:55:14  220 GETTING EVENT
22:55:14  220 Hero was hit
22:55:14  220 GETTING EVENT
22:55:14  221 GETTING EVENT
22:55:14  221 KEYBOARD EVENT
22:55:14  221 Movin
22:55:14  221 GETTING EVENT
22:55:14  221 GETTING EVENT
22:55:14  221 Hero was hit
22:55:14  221 GETTING EVENT
22:55:14  222 GETTING EVENT
22:55:14  222 KEYBOARD EVENT
22:55:14  222 Movin
22:55:14  222 GETTING EVENT
22:55:14  222 GETTING EVENT
22:55:14  222 Hero was hit
22:55:14  222 GETTING EVENT
22:55:14  223 GETTING EVENT
22:55:14  223 KEYBOARD EVENT
22:55:14  223 Movin
22:55:14  223 GETTING EVENT
22:55:14  223 GETTING EVENT
22:55:14  223 Hero was hit
22:55:14  223 GETTING EVENT
22:55:14  224 GETTING EVENT
22:55:14  224 KEYBOARD EVENT
22:55:14  224 Movin
22:55:14  224 GETTING EVENT
22:55:14  224 GETTING EVENT
22:55:14  224 Hero was hit
22:55:14  224 GETTING EVENT
22:55:14  225 GETTING EVENT
22:55:14  225 KEYBOARD EVENT
22:55:14  225 Movin
22:55:14  225 GETTING EVENT
22:55:14  225 GETTING EVENT
22:55:14  225 Hero was hit
22:55:14  225 GETTING EVENT
22:55:14  226 GETTING EVENT
22:55:14  226 KEYBOARD EVENT
22:55:14  226 Movin
22:55:14  226 GETTING EVENT
22:55:14  226 GETTING EVENT
22:55:14  226 Hero was hit
22:55:14  226 GETTING EVENT
22:55:14  227 GETTING EVENT
22:55:14  227 KEYBOARD EVENT
22:55:14  227 Movin
22:55:14  227 GETTING EVENT
22:55:14  227 GETTING EVENT
22:55:14  227 Hero was hit
22:55:14  227 GETTING EVENT
22:55:14  228 GETTING EVENT
22:55:14  228 KEYBOARD EVENT
22:55:14  228 Movin
22:55:14  228 GETTING EVENT
22:55:14  228 GETTING EVENT
22:55:14  228 Hero was hit
22:55:14  228 GETTING EVENT
22:55:14  229 GETTING EVENT
22:55:14  229 KEYBOARD EVENT
22:55:14  229 Movin
22:55:14  229 GETTING EVENT
22:55:14  229 GETTING EVENT
22:55:14  229 Hero was hit
22:55:14  229 GETTING EVENT
22:55:14  230 GETTING EVENT
22:55:14  230 KEYBOARD EVENT
22:55:14  230 Movin
22:55:14  230 GETTING EVENT
22:55:14  230 GETTING EVENT
22:55:14  230 Hero was hit
22:55:14  230 GETTING EVENT
22:55:14  231 GETTING EVENT
22:55:14  231 KEYBOARD EVENT
22:55:14  231 Movin
22:55:14  231 GETTING EVENT
22:55:14  231 GETTING EVENT
22:55:14  231 Hero was hit
22:55:14  231 GETTING EVENT
22:55:15  232 GETTING EVENT
22:55:15  232 KEYBOARD EVENT
22:55:15  232 Movin
22:55:15  232 GETTING EVENT
22:55:15  232 GETTING EVENT
22:55:15  232 Hero was hit
22:55:15  232 GETTING EVENT
22:55:15  233 GETTING EVENT
22:55:15  233 KEYBOARD EVENT
22:55:15  233 Movin
22:55:15  233 GETTING EVENT
22:55:15  233 GETTING EVENT
22:55:15  233 Hero was hit
22:55:15  233 GETTING EVENT
22:55:15  234 GETTING EVENT
22:55:15  234 KEYBOARD EVENT
22:55:15  234 Movin
22:55:15  234 GETTING EVENT
22:55:15  234 GETTING EVENT
22:55:15  234 Hero was hit
22:55:15  234 GETTING EVENT
22:55:15  235 GETTING EVENT
22:55:15  235 KEYBOARD EVENT
22:55:15  235 Movin
22:55:15  235 GETTING EVENT
22:55:15  235 GETTING EVENT
22:55:15  235 Hero was hit
22:55:15  235 GETTING EVENT
22:55:15  236 GETTING EVENT
22:55:15  236 KEYBOARD EVENT
22:55:15  236 Movin
22:55:15  236 GETTING EVENT
22:55:15  236 GETTING EVENT
22:55:15  236 Hero was hit
22:55:15  236 GETTING EVENT
22:55:15  237 GETTING EVENT
22:55:15  237 KEYBOARD EVENT
22:55:15  237 Movin
22:55:15  237 GETTING EVENT
22:55:15  237 GETTING EVENT
22:55:15  237 Hero was hit
22:55:15  237 GETTING EVENT
22:55:15  238 GETTING EVENT
22:55:15  238 KEYBOARD EVENT
22:55:15  238 Movin
22:55:15  238 GETTING EVENT
22:55:15  238 GETTING EVENT
22:55:15  238 Hero was hit
22:55:15  238 GETTING EVENT
22:55:15  239 GETTING EVENT
22:55:15  239 KEYBOARD EVENT
22:55:15  239 Movin
22:55:15  239 GETTING EVENT
22:55:15  239 GETTING EVENT
22:55:15  239 Hero was hit
22:55:15  239 GETTING EVENT
22:55:15  240 GETTING EVENT
22:55:15  240 KEYBOARD EVENT
22:55:15  240 Movin
22:55:15  240 GETTING EVENT
22:55:15  240 GETTING EVENT
22:55:15  240 Hero was hit
22:55:15  240 GETTING EVENT
22:55:15  241 GETTING EVENT
22:55:15  241 KEYBOARD EVENT
22:55:15  241 Movin
22:55:15  241 GETTING EVENT
22:55:15  242 GETTING EVENT
22:55:15  242 KEYBOARD EVENT
22:55:15  242 Movin
22:55:15  242 GETTING EVENT
22:55:15  243 GETTING EVENT
22:55:15  243 KEYBOARD EVENT
22:55:15  243 Movin
22:55:15  243 GETTING EVENT
22:55:15  244 GETTING EVENT
22:55:15  244 KEYBOARD EVENT
22:55:15  244 Movin
22:55:15  244 GETTING EVENT
22:55:15  245 GETTING EVENT
22:55:15  245 KEYBOARD EVENT
22:55:15  245 Movin
22:55:15  245 GETTING EVENT
22:55:15  246 GETTING EVENT
22:55:15  246 KEYBOARD EVENT
22:55:15  246 Movin
22:55:15  246 GETTING EVENT
22:55:15  247 GETTING EVENT
22:55:15  247 KEYBOARD EVENT
22:55:15  247 Movin
22:55:15  247 GETTING EVENT
22:55:15  248 GETTING EVENT
22:55:15  248 KEYBOARD EVENT
22:55:15  248 Movin
22:55:15  248 GETTING EVENT
22:55:15  249 GETTING EVENT
22:55:15  249 KEYBOARD EVENT
22:55:15  249 Movin
22:55:15  249 GETTING EVENT
22:55:15  250 GETTING EVENT
22:55:15  250 KEYBOARD EVENT
22:55:15  250 Movin
22:55:15  250 GETTING EVENT
22:55:15  251 GETTING EVENT
22:55:15  251 KEYBOARD EVENT
22:55:15  251 Movin
22:55:15  251 GETTING EVENT
22:55:15  252 GETTING EVENT
22:55:15  252 KEYBOARD EVENT
22:55:15  252 Movin
22:55:15  252 GETTING EVENT
22:55:15  253 GETTING EVENT
22:55:15  253 KEYBOARD EVENT
22:55:15  253 Movin
22:55:15  253 GETTING EVENT
22:55:15  254 GETTING EVENT
22:55:15  254 KEYBOARD EVENT
22:55:15  254 Movin
22:55:15  254 GETTING EVENT
22:55:15  255 GETTING EVENT
22:55:15  255 KEYBOARD EVENT
22:55:15  255 Movin
22:55:15  255 GETTING EVENT
22:55:15  256 GETTING EVENT
22:55:15  256 KEYBOARD EVENT
22:55:15  256 Movin
22:55:15  256 GETTING EVENT
22:55:15  257 GETTING EVENT
22:55:15  257 KEYBOARD EVENT
22:55:15  257 Movin
22:55:15  257 GETTING EVENT
22:55:15  258 GETTING EVENT
22:55:15  258 KEYBOARD EVENT
22:55:15  258 Movin
22:55:15  258 GETTING EVENT
22:55:15  259 GETTING EVENT
22:55:15  259 KEYBOARD EVENT
22:55:15  259 Movin
22:55:15  259 GETTING EVENT
22:55:15  260 GETTING EVENT
22:55:15  260 KEYBOARD EVENT
22:55:15  260 Movin
22:55:15  260 GETTING EVENT
22:55:15  261 GETTING EVENT
22:55:15  261 KEYBOARD EVENT
22:55:15  261 Movin
22:55:15  261 GETTING EVENT
22:55:16  262 GETTING EVENT
22:55:16  262 KEYBOARD EVENT
22:55:16  262 Movin
22:55:16  262 GETTING EVENT
22:55:16  263 GETTING EVENT
22:55:16  263 KEYBOARD EVENT
22:55:16  263 Movin
22:55:16  263 GETTING EVENT
22:55:16  264 GETTING EVENT
22:55:16  264 KEYBOARD EVENT
22:55:16  264 Movin
22:55:16  264 GETTING EVENT
22:55:16  265 GETTING EVENT
22:55:16  265 KEYBOARD EVENT
22:55:16  265 Movin
22:55:16  265 GETTING EVENT
22:55:16  266 GETTING EVENT
22:55:16  266 KEYBOARD EVENT
22:55:16  266 Movin
22:55:16  266 GETTING EVENT
22:55:16  267 GETTING EVENT
22:55:16  267 KEYBOARD EVENT
22:55:16  267 Movin
22:55:16  267 GETTING EVENT
22:55:16  268 GETTING EVENT
22:55:16  268 KEYBOARD EVENT
22:55:16  268 Movin
22:55:16  268 GETTING EVENT
22:55:16  269 GETTING EVENT
22:55:16  269 KEYBOARD EVENT
22:55:16  269 Movin
22:55:16  269 GETTING EVENT
22:55:16  270 GETTING EVENT
22:55:16  270 KEYBOARD EVENT
22:55:16  270 Movin
22:55:16  270 GETTING EVENT
22:55:16  271 GETTING EVENT
22:55:16  271 KEYBOARD EVENT
22:55:16  271 Movin
22:55:16  271 GETTING EVENT
22:55:16  272 GETTING EVENT
22:55:16  272 KEYBOARD EVENT
22:55:16  272 Movin
22:55:16  272 GETTING EVENT
22:55:16  273 GETTING EVENT
22:55:16  273 KEYBOARD EVENT
22:55:16  273 Movin
22:55:16  273 GETTING EVENT
22:55:16  274 GETTING EVENT
22:55:16  274 KEYBOARD EVENT
22:55:16  274 Movin
22:55:16  274 GETTING EVENT
22:55:16  275 GETTING EVENT
22:55:16  275 KEYBOARD EVENT
22:55:16  275 Movin
22:55:16  275 GETTING EVENT
22:55:16  276 GETTING EVENT
22:55:16  276 KEYBOARD EVENT
22:55:16  276 Movin
22:55:16  276 GETTING EVENT
22:55:16  277 GETTING EVENT
22:55:16  277 KEYBOARD EVENT
22:55:16  277 Movin
22:55:16  277 GETTING EVENT
22:55:16  278 GETTING EVENT
22:55:16  278 KEYBOARD EVENT
22:55:16  278 Movin
22:55:16  278 GETTING EVENT
22:55:16  279 GETTING EVENT
22:55:16  279 KEYBOARD EVENT
22:55:16  279 Movin
22:55:16  279 GETTING EVENT
22:55:16  280 GETTING EVENT
22:55:16  280 KEYBOARD EVENT
22:55:16  280 Movin
22:55:16  280 GETTING EVENT
22:55:16  280 KEYBOARD EVENT
22:55:16  280 Movin
22:55:16  280 GETTING EVENT
22:55:16  280 KEYBOARD EVENT
22:55:16  280 Movin
22:55:16  280 GETTING EVENT
22:55:16  281 GETTING EVENT
22:55:16  281 KEYBOARD EVENT
22:55:16  281 Movin
22:55:16  281 GETTING EVENT
22:55:16  281 KEYBOARD EVENT
22:55:16  281 Movin
22:55:16  281 GETTING EVENT
22:55:16  282 GETTING EVENT
22:55:16  282 KEYBOARD EVENT
22:55:16  282 Movin
22:55:16  282 GETTING EVENT
22:55:16  282 KEYBOARD EVENT
22:55:16  282 Movin
22:55:16  282 GETTING EVENT
22:55:16  283 GETTING EVENT
22:55:16  283 KEYBOARD EVENT
22:55:16  283 Movin
22:55:16  283 GETTING EVENT
22:55:16  283 KEYBOARD EVENT
22:55:16  283 Movin
22:55:16  283 GETTING EVENT
22:55:16  284 GETTING EVENT
22:55:16  284 KEYBOARD EVENT
22:55:16  284 Movin
22:55:16  284 GETTING EVENT
22:55:16  284 KEYBOARD EVENT
22:55:16  284 Movin
22:55:16  284 GETTING EVENT
22:55:16  285 GETTING EVENT
22:55:16  285 KEYBOARD EVENT
22:55:16  285 Movin
22:55:16  285 GETTING EVENT
22:55:16  285 KEYBOARD EVENT
22:55:16  285 Movin
22:55:16  285 GETTING EVENT
22:55:16  286 GETTING EVENT
22:55:16  286 KEYBOARD EVENT
22:55:16  286 Movin
22:55:16  286 GETTING EVENT
22:55:16  287 GETTING EVENT
22:55:16  287 KEYBOARD EVENT
22:55:16  287 Movin
22:55:16  287 GETTING EVENT
22:55:16  288 GETTING EVENT
22:55:16  288 KEYBOARD EVENT
22:55:16  288 Movin
22:55:16  288 GETTING EVENT
22:55:16  289 GETTING EVENT
22:55:16  289 KEYBOARD EVENT
22:55:16  289 Movin
22:55:16  289 GETTING EVENT
22:55:16  290 GETTING EVENT
22:55:16  290 KEYBOARD EVENT
22:55:16  290 Movin
22:55:16  290 GETTING EVENT
22:55:16  291 GETTING EVENT
22:55:16  291 KEYBOARD EVENT
22:55:16  291 Movin
22:55:16  291 GETTING EVENT
22:55:16  292 GETTING EVENT
22:55:16  292 KEYBOARD EVENT
22:55:16  292 Movin
22:55:16  292 GETTING EVENT
22:55:17  293 GETTING EVENT
22:55:17  293 KEYBOARD EVENT
22:55:17  293 Movin
22:55:17  293 GETTING EVENT
22:55:17  293 KEYBOARD EVENT
22:55:17  293 Movin
22:55:17  293 GETTING EVENT
22:55:17  293 KEYBOARD EVENT
22:55:17  293 Movin
22:55:17  293 GETTING EVENT
22:55:17  294 GETTING EVENT
22:55:17  294 KEYBOARD EVENT
22:55:17  294 Movin
22:55:17  294 GETTING EVENT
22:55:17  294 KEYBOARD EVENT
22:55:17  294 Movin
22:55:17  294 GETTING EVENT
22:55:17  295 GETTING EVENT
22:55:17  295 KEYBOARD EVENT
22:55:17  295 Movin
22:55:17  295 GETTING EVENT
22:55:17  295 KEYBOARD EVENT
22:55:17  295 Movin
22:55:17  295 GETTING EVENT
22:55:17  296 GETTING EVENT
22:55:17  296 KEYBOARD EVENT
22:55:17  296 Movin
22:55:17  296 GETTING EVENT
22:55:17  297 GETTING EVENT
22:55:17  297 KEYBOARD EVENT
22:55:17  297 Movin
22:55:17  297 GETTING EVENT
22:55:17  298 GETTING EVENT
22:55:17  298 KEYBOARD EVENT
22:55:17  298 Movin
22:55:17  298 GETTING EVENT
22:55:17  299 GETTING EVENT
22:55:17  299 KEYBOARD EVENT
22:55:17  299 Movin
22:55:17  299 GETTING EVENT
22:55:17  300 GETTING EVENT
22:55:17  300 KEYBOARD EVENT
22:55:17  300 Movin
22:55:17  300 GETTING EVENT
22:55:17  301 GETTING EVENT
22:55:17  301 KEYBOARD EVENT
22:55:17  301 Movin
22:55:17  301 GETTING EVENT
22:55:17  301 GETTING EVENT
22:55:17  301 GETTING EVENT
22:55:17  301 Hero was hit
22:55:17  302 GETTING EVENT
22:55:17  302 KEYBOARD EVENT
22:55:17  302 Movin
22:55:17  302 GETTING EVENT
22:55:17  302 GETTING EVENT
22:55:17  302 GETTING EVENT
22:55:17  302 Hero was hit
22:55:17  302 GETTING EVENT
22:55:17  302 Hero was hit
22:55:17  302 GETTING EVENT
22:55:17  303 GETTING EVENT
22:55:17  303 KEYBOARD EVENT
22:55:17  303 Movin
22:55:17  303 GETTING EVENT
22:55:17  303 GETTING EVENT
22:55:17  303 Hero was hit
22:55:17  303 GETTING EVENT
22:55:17  304 GETTING EVENT
22:55:17  304 GETTING EVENT
22:55:17  304 Hero was hit
22:55:17  304 GETTING EVENT
22:55:17  305 GETTING EVENT
22:55:17  305 GETTING EVENT
22:55:17  305 Hero was hit
22:55:17  305 GETTING EVENT
22:55:17  306 GETTING EVENT
22:55:17  306 GETTING EVENT
22:55:17  306 Hero was hit
22:55:17  306 GETTING EVENT
22:55:17  307 GETTING EVENT
22:55:17  307 GETTING EVENT
22:55:17  307 Hero was hit
22:55:17  307 GETTING EVENT
22:55:17  308 GETTING EVENT
22:55:17  308 GETTING EVENT
22:55:17  308 Hero was hit
22:55:17  308 GETTING EVENT
22:55:17  309 GETTING EVENT
22:55:17  309 GETTING EVENT
22:55:17  309 Hero was hit
22:55:17  309 GETTING EVENT
22:55:17  310 GETTING EVENT
22:55:17  310 KEYBOARD EVENT
22:55:17  310 Movin
22:55:17  310 SceneGraph::updateAltitude(): remove from old altitude (2) failed!
22:55:17  310 GETTING EVENT
22:55:17  310 KEYBOARD EVENT
22:55:17  310 Movin
22:55:17  310 GETTING EVENT
22:55:17  310 GETTING EVENT
22:55:17  310 Hero was hit
22:55:17  310 GETTING EVENT
22:55:17  310 GETTING EVENT
22:55:17  310 Player issued an efficient attack
22:55:17  311 GETTING EVENT
22:55:17  311 KEYBOARD EVENT
22:55:17  311 Movin
22:55:17  311 GETTING EVENT
22:55:17  311 GETTING EVENT
22:55:17  311 Hero was hit
22:55:17  311 GETTING EVENT
22:55:17  312 GETTING EVENT
22:55:17  312 KEYBOARD EVENT
22:55:17  312 Movin
22:55:17  312 GETTING EVENT
22:55:17  312 GETTING EVENT
22:55:17  312 Hero was hit
22:55:17  312 GETTING EVENT
22:55:17  313 GETTING EVENT
22:55:17  313 KEYBOARD EVENT
22:55:17  313 Movin
22:55:17  313 GETTING EVENT
22:55:17  313 GETTING EVENT
22:55:17  313 Hero was hit
22:55:17  313 GETTING EVENT
22:55:17  314 GETTING EVENT
22:55:17  314 KEYBOARD EVENT
22:55:17  314 Movin
22:55:17  314 GETTING EVENT
22:55:17  314 GETTING EVENT
22:55:17  314 Hero was hit
22:55:17  314 GETTING EVENT
22:55:17  315 GETTING EVENT
22:55:17  315 KEYBOARD EVENT
22:55:17  315 Movin
22:55:17  315 GETTING EVENT
22:55:17  315 KEYBOARD EVENT
22:55:17  315 Movin
22:55:17  315 GETTING EVENT
22:55:17  316 GETTING EVENT
22:55:17  316 KEYBOARD EVENT
22:55:17  316 Movin
22:55:17  316 GETTING EVENT
22:55:17  317 GETTING EVENT
22:55:17  317 KEYBOARD EVENT
22:55:17  317 Movin
22:55:17  317 GETTING EVENT
22:55:17  318 GETTING EVENT
22:55:17  318 KEYBOARD EVENT
22:55:17  318 Movin
22:55:17  318 GETTING EVENT
22:55:17  319 GETTING EVENT
22:55:17  319 KEYBOARD EVENT
22:55:17  319 Movin
22:55:17  319 GETTING EVENT
22:55:17  320 GETTING EVENT
22:55:17  320 KEYBOARD EVENT
22:55:17  320 Movin
22:55:17  320 GETTING EVENT
22:55:17  321 GETTING EVENT
22:55:17  321 KEYBOARD EVENT
22:55:17  321 Movin
22:55:17  321 GETTING EVENT
22:55:17  322 GETTING EVENT
22:55:17  322 KEYBOARD EVENT
22:55:17  322 Movin
22:55:17  322 GETTING EVENT
22:55:18  323 GETTING EVENT
22:55:18  323 KEYBOARD EVENT
22:55:18  323 Movin
22:55:18  323 GETTING EVENT
22:55:18  324 GETTING EVENT
22:55:18  324 KEYBOARD EVENT
22:55:18  324 Movin
22:55:18  324 GETTING EVENT
22:55:18  325 GETTING EVENT
22:55:18  325 KEYBOARD EVENT
22:55:18  325 Movin
22:55:18  325 GETTING EVENT
22:55:18  326 GETTING EVENT
22:55:18  326 KEYBOARD EVENT
22:55:18  326 Movin
22:55:18  326 GETTING EVENT
22:55:18  327 GETTING EVENT
22:55:18  327 KEYBOARD EVENT
22:55:18  327 Movin
22:55:18  327 GETTING EVENT
22:55:18  328 GETTING EVENT
22:55:18  328 KEYBOARD EVENT
22:55:18  328 Movin
22:55:18  328 GETTING EVENT
22:55:18  328 KEYBOARD EVENT
22:55:18  328 Movin
22:55:18  328 GETTING EVENT
22:55:18  329 GETTING EVENT
22:55:18  329 KEYBOARD EVENT
22:55:18  329 Movin
22:55:18  329 GETTING EVENT
22:55:18  330 GETTING EVENT
22:55:18  330 KEYBOARD EVENT
22:55:18  330 Movin
22:55:18  330 GETTING EVENT
22:55:18  330 GETTING EVENT
22:55:18  330 Hero was hit
22:55:18  330 GETTING EVENT
22:55:18  331 GETTING EVENT
22:55:18  331 KEYBOARD EVENT
22:55:18  331 Movin
22:55:18  331 GETTING EVENT
22:55:18  331 GETTING EVENT
22:55:18  331 GETTING EVENT
22:55:18  331 Hero was hit
22:55:18  331 GETTING EVENT
22:55:18  331 Hero was hit
22:55:18  331 GETTING EVENT
22:55:18  332 GETTING EVENT
22:55:18  332 KEYBOARD EVENT
22:55:18  332 Movin
22:55:18  332 GETTING EVENT
22:55:18  332 GETTING EVENT
22:55:18  332 GETTING EVENT
22:55:18  332 Hero was hit
22:55:18  332 GETTING EVENT
22:55:18  332 Hero was hit
22:55:18  332 GETTING EVENT
22:55:18  333 GETTING EVENT
22:55:18  333 KEYBOARD EVENT
22:55:18  333 Movin
22:55:18  333 SceneGraph::updateAltitude(): remove from old altitude (2) failed!
22:55:18  333 GETTING EVENT
22:55:18  333 KEYBOARD EVENT
22:55:18  333 Movin
22:55:18  333 GETTING EVENT
22:55:18  333 KEYBOARD EVENT
22:55:18  333 Movin
22:55:18  333 GETTING EVENT
22:55:18  333 GETTING EVENT
22:55:18  333 GETTING EVENT
22:55:18  333 Hero was hit
22:55:18  333 GETTING EVENT
22:55:18  333 GETTING EVENT
22:55:18  333 Hero was hit
22:55:18  333 GETTING EVENT
22:55:18  333 GETTING EVENT
22:55:18  333 Player issued an efficient attack
22:55:18  334 GETTING EVENT
22:55:18  334 KEYBOARD EVENT
22:55:18  334 Movin
22:55:18  334 GETTING EVENT
22:55:18  334 KEYBOARD EVENT
22:55:18  334 Movin
22:55:18  334 GETTING EVENT
22:55:18  334 GETTING EVENT
22:55:18  334 GETTING EVENT
22:55:18  334 Hero was hit
22:55:18  334 GETTING EVENT
22:55:18  334 Hero was hit
22:55:18  334 GETTING EVENT
22:55:18  335 GETTING EVENT
22:55:18  335 KEYBOARD EVENT
22:55:18  335 Movin
22:55:18  335 GETTING EVENT
22:55:18  335 KEYBOARD EVENT
22:55:18  335 Movin
22:55:18  335 GETTING EVENT
22:55:18  335 GETTING EVENT
22:55:18  335 GETTING EVENT
22:55:18  335 Hero was hit
22:55:18  335 GETTING EVENT
22:55:18  335 Hero was hit
22:55:18  335 GETTING EVENT
22:55:18  336 GETTING EVENT
22:55:18  336 KEYBOARD EVENT
22:55:18  336 Movin
22:55:18  336 GETTING EVENT
22:55:18  336 KEYBOARD EVENT
22:55:18  336 Movin
22:55:18  336 GETTING EVENT
22:55:18  336 GETTING EVENT
22:55:18  336 GETTING EVENT
22:55:18  336 Hero was hit
22:55:18  336 GETTING EVENT
22:55:18  336 Hero was hit
22:55:18  336 GETTING EVENT
22:55:18  337 GETTING EVENT
22:55:18  337 KEYBOARD EVENT
22:55:18  337 Movin
22:55:18  337 GETTING EVENT
22:55:18  337 KEYBOARD EVENT
22:55:18  337 Movin
22:55:18  337 GETTING EVENT
22:55:18  337 KEYBOARD EVENT
22:55:18  337 Movin
22:55:18  337 GETTING EVENT
22:55:18  337 KEYBOARD EVENT
22:55:18  337 Movin
22:55:18  337 GETTING EVENT
22:55:18  338 GETTING EVENT
22:55:18  338 KEYBOARD EVENT
22:55:18  338 Movin
22:55:18  338 GETTING EVENT
22:55:18  339 GETTING EVENT
22:55:18  339 KEYBOARD EVENT
22:55:18  339 Movin
22:55:18  339 GETTING EVENT
22:55:18  340 GETTING EVENT
22:55:18  340 KEYBOARD EVENT
22:55:18  340 Movin
22:55:18  340 GETTING EVENT
22:55:18  341 GETTING EVENT
22:55:18  341 KEYBOARD EVENT
22:55:18  341 Movin
22:55:18  341 GETTING EVENT
22:55:18  342 GETTING EVENT
22:55:18  342 KEYBOARD EVENT
22:55:18  342 Movin
22:55:18  342 GETTING EVENT
22:55:18  343 GETTING EVENT
22:55:18  343 KEYBOARD EVENT
22:55:18  343 Movin
22:55:18  343 GETTING EVENT
22:55:18  344 GETTING EVENT
22:55:18  344 KEYBOARD EVENT
22:55:18  344 Movin
22:55:18  344 GETTING EVENT
22:55:18  345 GETTING EVENT
22:55:18  345 KEYBOARD EVENT
22:55:18  345 Movin
22:55:18  345 GETTING EVENT
22:55:18  346 GETTING EVENT
22:55:18  346 KEYBOARD EVENT
22:55:18  346 Movin
22:55:18  346 GETTING EVENT
22:55:18  347 GETTING EVENT
22:55:18  347 KEYBOARD EVENT
22:55:18  347 Movin
22:55:18  347 GETTING EVENT
22:55:18  348 GETTING EVENT
22:55:18  348 KEYBOARD EVENT
22:55:18  348 Movin
22:55:18  348 GETTING EVENT
22:55:18  349 GETTING EVENT
22:55:18  349 KEYBOARD EVENT
22:55:18  349 Movin
22:55:18  349 GETTING EVENT
22:55:18  350 GETTING EVENT
22:55:18  350 KEYBOARD EVENT
22:55:18  350 Movin
22:55:18  350 GETTING EVENT
22:55:18  351 GETTING EVENT
22:55:18  351 KEYBOARD EVENT
22:55:18  351 Movin
22:55:18  351 GETTING EVENT
22:55:18  352 GETTING EVENT
22:55:18  352 KEYBOARD EVENT
22:55:18  352 Movin
22:55:18  352 GETTING EVENT
22:55:18  352 KEYBOARD EVENT
22:55:18  352 Movin
22:55:18  352 GETTING EVENT
22:55:18  352 KEYBOARD EVENT
22:55:18  352 Movin
22:55:18  352 GETTING EVENT
22:55:19  353 GETTING EVENT
22:55:19  353 KEYBOARD EVENT
22:55:19  353 Movin
22:55:19  353 GETTING EVENT
22:55:19  353 KEYBOARD EVENT
22:55:19  353 Movin
22:55:19  353 GETTING EVENT
22:55:19  354 GETTING EVENT
22:55:19  354 KEYBOARD EVENT
22:55:19  354 Movin
22:55:19  354 GETTING EVENT
22:55:19  354 KEYBOARD EVENT
22:55:19  354 Movin
22:55:19  354 GETTING EVENT
22:55:19  355 GETTING EVENT
22:55:19  355 KEYBOARD EVENT
22:55:19  355 Movin
22:55:19  355 GETTING EVENT
22:55:19  355 KEYBOARD EVENT
22:55:19  355 Movin
22:55:19  355 GETTING EVENT
22:55:19  356 GETTING EVENT
22:55:19  356 KEYBOARD EVENT
22:55:19  356 Movin
22:55:19  356 GETTING EVENT
22:55:19  356 KEYBOARD EVENT
22:55:19  356 Movin
22:55:19  356 GETTING EVENT
22:55:19  357 GETTING EVENT
22:55:19  357 KEYBOARD EVENT
22:55:19  357 Movin
22:55:19  357 GETTING EVENT
22:55:19  357 KEYBOARD EVENT
22:55:19  357 Movin
22:55:19  357 GETTING EVENT
22:55:19  358 GETTING EVENT
22:55:19  358 KEYBOARD EVENT
22:55:19  358 Movin
22:55:19  358 GETTING EVENT
22:55:19  358 KEYBOARD EVENT
22:55:19  358 Movin
22:55:19  358 GETTING EVENT
22:55:19  359 GETTING EVENT
22:55:19  359 KEYBOARD EVENT
22:55:19  359 Movin
22:55:19  359 GETTING EVENT
22:55:19  359 KEYBOARD EVENT
22:55:19  359 Movin
22:55:19  359 GETTING EVENT
22:55:19  360 GETTING EVENT
22:55:19  360 KEYBOARD EVENT
22:55:19  360 Movin
22:55:19  360 GETTING EVENT
22:55:19  360 KEYBOARD EVENT
22:55:19  360 Movin
22:55:19  360 GETTING EVENT
22:55:19  361 GETTING EVENT
22:55:19  361 KEYBOARD EVENT
22:55:19  361 Movin
22:55:19  361 GETTING EVENT
22:55:19  361 KEYBOARD EVENT
22:55:19  361 Movin
22:55:19  361 GETTING EVENT
22:55:19  362 GETTING EVENT
22:55:19  362 KEYBOARD EVENT
22:55:19  362 Movin
22:55:19  362 GETTING EVENT
22:55:19  362 KEYBOARD EVENT
22:55:19  362 Movin
22:55:19  362 GETTING EVENT
22:55:19  363 GETTING EVENT
22:55:19  363 KEYBOARD EVENT
22:55:19  363 Movin
22:55:19  363 GETTING EVENT
22:55:19  363 KEYBOARD EVENT
22:55:19  363 Movin
22:55:19  363 GETTING EVENT
22:55:19  364 GETTING EVENT
22:55:19  364 KEYBOARD EVENT
22:55:19  364 Movin
22:55:19  364 GETTING EVENT
22:55:19  364 KEYBOARD EVENT
22:55:19  364 Movin
22:55:19  364 GETTING EVENT
22:55:19  365 GETTING EVENT
22:55:19  365 KEYBOARD EVENT
22:55:19  365 Movin
22:55:19  365 GETTING EVENT
22:55:19  365 KEYBOARD EVENT
22:55:19  365 Movin
22:55:19  365 GETTING EVENT
22:55:19  366 GETTING EVENT
22:55:19  366 KEYBOARD EVENT
22:55:19  366 Movin
22:55:19  366 GETTING EVENT
22:55:19  366 KEYBOARD EVENT
22:55:19  366 Movin
22:55:19  366 GETTING EVENT
22:55:19  367 GETTING EVENT
22:55:19  367 KEYBOARD EVENT
22:55:19  367 Movin
22:55:19  367 GETTING EVENT
22:55:19  367 KEYBOARD EVENT
22:55:19  367 Movin
22:55:19  367 GETTING EVENT
22:55:19  368 GETTING EVENT
22:55:19  368 KEYBOARD EVENT
22:55:19  368 Movin
22:55:19  368 GETTING EVENT
22:55:19  368 KEYBOARD EVENT
22:55:19  368 Movin
22:55:19  368 GETTING EVENT
22:55:19  369 GETTING EVENT
22:55:19  369 KEYBOARD EVENT
22:55:19  369 Movin
22:55:19  369 GETTING EVENT
22:55:19  369 KEYBOARD EVENT
22:55:19  369 Movin
22:55:19  369 GETTING EVENT
22:55:19  370 GETTING EVENT
22:55:19  370 KEYBOARD EVENT
22:55:19  370 Movin
22:55:19  370 GETTING EVENT
22:55:19  370 KEYBOARD EVENT
22:55:19  370 Movin
22:55:19  370 GETTING EVENT
22:55:19  371 GETTING EVENT
22:55:19  371 KEYBOARD EVENT
22:55:19  371 Movin
22:55:19  371 GETTING EVENT
22:55:19  371 KEYBOARD EVENT
22:55:19  371 Movin
22:55:19  371 GETTING EVENT
22:55:19  372 GETTING EVENT
22:55:19  372 KEYBOARD EVENT
22:55:19  372 Movin
22:55:19  372 GETTING EVENT
22:55:19  373 GETTING EVENT
22:55:19  373 KEYBOARD EVENT
22:55:19  373 Movin
22:55:19  373 GETTING EVENT
22:55:19  373 KEYBOARD EVENT
22:55:19  373 Movin
22:55:19  373 GETTING EVENT
22:55:19  373 KEYBOARD EVENT
22:55:19  373 Movin
22:55:19  373 GETTING EVENT
22:55:19  374 GETTING EVENT
22:55:19  374 KEYBOARD EVENT
22:55:19  374 Movin
22:55:19  374 GETTING EVENT
22:55:19  374 KEYBOARD EVENT
22:55:19  374 Movin
22:55:19  374 GETTING EVENT
22:55:19  375 GETTING EVENT
22:55:19  375 KEYBOARD EVENT
22:55:19  375 Movin
22:55:19  375 GETTING EVENT
22:55:19  375 KEYBOARD EVENT
22:55:19  375 Movin
22:55:19  375 GETTING EVENT
22:55:19  376 GETTING EVENT
22:55:19  376 KEYBOARD EVENT
22:55:19  376 Movin
22:55:19  376 GETTING EVENT
22:55:19  376 KEYBOARD EVENT
22:55:19  376 Movin
22:55:19  376 GETTING EVENT
22:55:19  377 GETTING EVENT
22:55:19  377 KEYBOARD EVENT
22:55:19  377 Movin
22:55:19  377 GETTING EVENT
22:55:19  377 KEYBOARD EVENT
22:55:19  377 Movin
22:55:19  377 GETTING EVENT
22:55:19  378 GETTING EVENT
22:55:19  378 KEYBOARD EVENT
22:55:19  378 Movin
22:55:19  378 GETTING EVENT
22:55:19  378 KEYBOARD EVENT
22:55:19  378 Movin
22:55:19  378 GETTING EVENT
22:55:19  379 GETTING EVENT
22:55:19  379 KEYBOARD EVENT
22:55:19  379 Movin
22:55:19  379 GETTING EVENT
22:55:19  379 KEYBOARD EVENT
22:55:19  379 Movin
22:55:19  379 GETTING EVENT
22:55:19  380 GETTING EVENT
22:55:19  380 KEYBOARD EVENT
22:55:19  380 Movin
22:55:19  380 GETTING EVENT
22:55:19  380 KEYBOARD EVENT
22:55:19  380 Movin
22:55:19  380 GETTING EVENT
22:55:19  381 GETTING EVENT
22:55:19  381 KEYBOARD EVENT
22:55:19  381 Movin
22:55:19  381 GETTING EVENT
22:55:19  381 KEYBOARD EVENT
22:55:19  381 Movin
22:55:19  381 GETTING EVENT
22:55:19  382 GETTING EVENT
22:55:19  382 KEYBOARD EVENT
22:55:19  382 Movin
22:55:19  382 GETTING EVENT
22:55:19  382 KEYBOARD EVENT
22:55:19  382 Movin
22:55:19  382 GETTING EVENT
22:55:20  383 GETTING EVENT
22:55:20  383 KEYBOARD EVENT
22:55:20  383 Movin
22:55:20  383 GETTING EVENT
22:55:20  383 KEYBOARD EVENT
22:55:20  383 Movin
22:55:20  383 GETTING EVENT
22:55:20  384 GETTING EVENT
22:55:20  384 KEYBOARD EVENT
22:55:20  384 Movin
22:55:20  384 GETTING EVENT
22:55:20  384 KEYBOARD EVENT
22:55:20  384 Movin
22:55:20  384 GETTING EVENT
22:55:20  385 GETTING EVENT
22:55:20  385 KEYBOARD EVENT
22:55:20  385 Movin
22:55:20  385 GETTING EVENT
22:55:20  385 KEYBOARD EVENT
22:55:20  385 Movin
22:55:20  385 GETTING EVENT
22:55:20  386 GETTING EVENT
22:55:20  386 KEYBOARD EVENT
22:55:20  386 Movin
22:55:20  386 GETTING EVENT
22:55:20  386 KEYBOARD EVENT
22:55:20  386 Movin
22:55:20  386 GETTING EVENT
22:55:20  387 GETTING EVENT
22:55:20  387 KEYBOARD EVENT
22:55:20  387 Movin
22:55:20  387 GETTING EVENT
22:55:20  387 KEYBOARD EVENT
22:55:20  387 Movin
22:55:20  387 GETTING EVENT
22:55:20  388 GETTING EVENT
22:55:20  388 KEYBOARD EVENT
22:55:20  388 Movin
22:55:20  388 GETTING EVENT
22:55:20  388 KEYBOARD EVENT
22:55:20  388 Movin
22:55:20  388 GETTING EVENT
22:55:20  389 GETTING EVENT
22:55:20  389 KEYBOARD EVENT
22:55:20  389 Movin
22:55:20  389 GETTING EVENT
22:55:20  389 KEYBOARD EVENT
22:55:20  389 Movin
22:55:20  389 GETTING EVENT
22:55:20  390 GETTING EVENT
22:55:20  390 KEYBOARD EVENT
22:55:20  390 Movin
22:55:20  390 GETTING EVENT
22:55:20  390 KEYBOARD EVENT
22:55:20  390 Movin
22:55:20  390 GETTING EVENT
22:55:20  390 GETTING EVENT
22:55:20  390 Hero was hit
22:55:20  390 GETTING EVENT
22:55:20  391 GETTING EVENT
22:55:20  391 KEYBOARD EVENT
22:55:20  391 Movin
22:55:20  391 GETTING EVENT
22:55:20  391 KEYBOARD EVENT
22:55:20  391 Movin
22:55:20  391 GETTING EVENT
22:55:20  392 GETTING EVENT
22:55:20  392 KEYBOARD EVENT
22:55:20  392 Movin
22:55:20  392 GETTING EVENT
22:55:20  392 KEYBOARD EVENT
22:55:20  392 Movin
22:55:20  392 GETTING EVENT
22:55:20  393 GETTING EVENT
22:55:20  393 KEYBOARD EVENT
22:55:20  393 Movin
22:55:20  393 GETTING EVENT
22:55:20  393 KEYBOARD EVENT
22:55:20  393 Movin
22:55:20  393 GETTING EVENT
22:55:20  394 GETTING EVENT
22:55:20  394 KEYBOARD EVENT
22:55:20  394 Movin
22:55:20  394 GETTING EVENT
22:55:20  394 KEYBOARD EVENT
22:55:20  394 Movin
22:55:20  394 GETTING EVENT
22:55:20  395 GETTING EVENT
22:55:20  395 KEYBOARD EVENT
22:55:20  395 Movin
22:55:20  395 GETTING EVENT
22:55:20  395 KEYBOARD EVENT
22:55:20  395 Movin
22:55:20  395 GETTING EVENT
22:55:20  395 GETTING EVENT
22:55:20  395 Hero was hit
22:55:20  395 GETTING EVENT
22:55:20  396 GETTING EVENT
22:55:20  396 KEYBOARD EVENT
22:55:20  396 Movin
22:55:20  396 GETTING EVENT
22:55:20  396 KEYBOARD EVENT
22:55:20  396 Movin
22:55:20  396 GETTING EVENT
22:55:20  397 GETTING EVENT
22:55:20  397 KEYBOARD EVENT
22:55:20  397 Movin
22:55:20  397 GETTING EVENT
22:55:20  397 KEYBOARD EVENT
22:55:20  397 Movin
22:55:20  397 GETTING EVENT
22:55:20  398 GETTING EVENT
22:55:20  398 KEYBOARD EVENT
22:55:20  398 Movin
22:55:20  398 GETTING EVENT
22:55:20  398 KEYBOARD EVENT
22:55:20  398 Movin
22:55:20  398 GETTING EVENT
22:55:20  399 GETTING EVENT
22:55:20  399 KEYBOARD EVENT
22:55:20  399 Movin
22:55:20  399 GETTING EVENT
22:55:20  399 KEYBOARD EVENT
22:55:20  399 Movin
22:55:20  399 GETTING EVENT
22:55:20  400 GETTING EVENT
22:55:20  400 KEYBOARD EVENT
22:55:20  400 Movin
22:55:20  400 GETTING EVENT
22:55:20  400 KEYBOARD EVENT
22:55:20  400 Movin
22:55:20  400 GETTING EVENT
22:55:20  401 GETTING EVENT
22:55:20  401 KEYBOARD EVENT
22:55:20  401 Movin
22:55:20  401 GETTING EVENT
22:55:20  401 KEYBOARD EVENT
22:55:20  401 Movin
22:55:20  401 GETTING EVENT
22:55:20  402 GETTING EVENT
22:55:20  402 KEYBOARD EVENT
22:55:20  402 Movin
22:55:20  402 GETTING EVENT
22:55:20  402 KEYBOARD EVENT
22:55:20  402 Movin
22:55:20  402 GETTING EVENT
22:55:20  403 GETTING EVENT
22:55:20  403 KEYBOARD EVENT
22:55:20  403 Movin
22:55:20  403 GETTING EVENT
22:55:20  403 KEYBOARD EVENT
22:55:20  403 Movin
22:55:20  403 GETTING EVENT
22:55:20  403 GETTING EVENT
22:55:20  403 Hero was hit
22:55:20  403 GETTING EVENT
22:55:20  404 GETTING EVENT
22:55:20  404 KEYBOARD EVENT
22:55:20  404 Movin
22:55:20  404 GETTING EVENT
22:55:20  404 GETTING EVENT
22:55:20  404 Hero was hit
22:55:20  404 GETTING EVENT
22:55:20  405 GETTING EVENT
22:55:20  405 KEYBOARD EVENT
22:55:20  405 Movin
22:55:20  405 GETTING EVENT
22:55:20  405 GETTING EVENT
22:55:20  405 Hero was hit
22:55:20  405 GETTING EVENT
22:55:20  406 GETTING EVENT
22:55:20  406 KEYBOARD EVENT
22:55:20  406 Movin
22:55:20  406 GETTING EVENT
22:55:20  407 GETTING EVENT
22:55:20  407 KEYBOARD EVENT
22:55:20  407 Movin
22:55:20  407 GETTING EVENT
22:55:20  408 GETTING EVENT
22:55:20  408 KEYBOARD EVENT
22:55:20  408 Movin
22:55:20  408 GETTING EVENT
22:55:20  409 GETTING EVENT
22:55:20  409 KEYBOARD EVENT
22:55:20  409 Movin
22:55:20  409 GETTING EVENT
22:55:20  410 GETTING EVENT
22:55:20  410 KEYBOARD EVENT
22:55:20  410 Movin
22:55:20  410 GETTING EVENT
22:55:20  411 GETTING EVENT
22:55:20  411 KEYBOARD EVENT
22:55:20  411 Movin
22:55:20  411 GETTING EVENT
22:55:20  412 GETTING EVENT
22:55:20  412 KEYBOARD EVENT
22:55:20  412 Movin
22:55:20  412 GETTING EVENT
22:55:20  413 GETTING EVENT
22:55:20  413 KEYBOARD EVENT
22:55:20  413 Movin
22:55:20  413 GETTING EVENT
22:55:21  414 GETTING EVENT
22:55:21  414 KEYBOARD EVENT
22:55:21  414 Movin
22:55:21  414 GETTING EVENT
22:55:21  415 GETTING EVENT
22:55:21  415 KEYBOARD EVENT
22:55:21  415 Movin
22:55:21  415 GETTING EVENT
22:55:21  416 GETTING EVENT
22:55:21  416 KEYBOARD EVENT
22:55:21  416 Movin
22:55:21  416 GETTING EVENT
22:55:21  417 GETTING EVENT
22:55:21  417 KEYBOARD EVENT
22:55:21  417 Movin
22:55:21  417 GETTING EVENT
22:55:21  418 GETTING EVENT
22:55:21  418 KEYBOARD EVENT
22:55:21  418 Movin
22:55:21  418 GETTING EVENT
22:55:21  419 GETTING EVENT
22:55:21  419 KEYBOARD EVENT
22:55:21  419 Movin
22:55:21  419 GETTING EVENT
22:55:21  420 GETTING EVENT
22:55:21  420 KEYBOARD EVENT
22:55:21  420 Movin
22:55:21  420 GETTING EVENT
22:55:21  421 GETTING EVENT
22:55:21  421 KEYBOARD EVENT
22:55:21  421 Movin
22:55:21  421 GETTING EVENT
22:55:21  421 KEYBOARD EVENT
22:55:21  421 Movin
22:55:21  421 GETTING EVENT
22:55:21  421 KEYBOARD EVENT
22:55:21  421 Movin
22:55:21  421 GETTING EVENT
22:55:21  422 GETTING EVENT
22:55:21  422 KEYBOARD EVENT
22:55:21  422 Movin
22:55:21  422 GETTING EVENT
22:55:21  422 KEYBOARD EVENT
22:55:21  422 Movin
22:55:21  422 GETTING EVENT
22:55:21  423 GETTING EVENT
22:55:21  423 KEYBOARD EVENT
22:55:21  423 Movin
22:55:21  423 GETTING EVENT
22:55:21  423 KEYBOARD EVENT
22:55:21  423 Movin
22:55:21  423 GETTING EVENT
22:55:21  424 GETTING EVENT
22:55:21  424 KEYBOARD EVENT
22:55:21  424 Movin
22:55:21  424 GETTING EVENT
22:55:21  424 KEYBOARD EVENT
22:55:21  424 Movin
22:55:21  424 GETTING EVENT
22:55:21  425 GETTING EVENT
22:55:21  425 KEYBOARD EVENT
22:55:21  425 Movin
22:55:21  425 GETTING EVENT
22:55:21  425 KEYBOARD EVENT
22:55:21  425 Movin
22:55:21  425 GETTING EVENT
22:55:21  426 GETTING EVENT
22:55:21  426 KEYBOARD EVENT
22:55:21  426 Movin
22:55:21  426 GETTING EVENT
22:55:21  426 KEYBOARD EVENT
22:55:21  426 Movin
22:55:21  426 GETTING EVENT
22:55:21  427 GETTING EVENT
22:55:21  427 KEYBOARD EVENT
22:55:21  427 Movin
22:55:21  427 GETTING EVENT
22:55:21  427 KEYBOARD EVENT
22:55:21  427 Movin
22:55:21  427 GETTING EVENT
22:55:21  427 KEYBOARD EVENT
22:55:21  427 Movin
22:55:21  427 GETTING EVENT
22:55:21  428 GETTING EVENT
22:55:21  428 KEYBOARD EVENT
22:55:21  428 Movin
22:55:21  428 GETTING EVENT
22:55:21  428 KEYBOARD EVENT
22:55:21  428 Movin
22:55:21  428 GETTING EVENT
22:55:21  428 KEYBOARD EVENT
22:55:21  428 Movin
22:55:21  428 GETTING EVENT
22:55:21  428 KEYBOARD EVENT
22:55:21  428 Movin
22:55:21  428 GETTING EVENT
22:55:21  429 GETTING EVENT
22:55:21  429 KEYBOARD EVENT
22:55:21  429 Movin
22:55:21  429 GETTING EVENT
22:55:21  429 KEYBOARD EVENT
22:55:21  429 Movin
22:55:21  429 GETTING EVENT
22:55:21  429 KEYBOARD EVENT
22:55:21  429 Movin
22:55:21  429 GETTING EVENT
22:55:21  430 GETTING EVENT
22:55:21  430 KEYBOARD EVENT
22:55:21  430 Movin
22:55:21  430 GETTING EVENT
22:55:21  430 KEYBOARD EVENT
22:55:21  430 Movin
22:55:21  430 GETTING EVENT
22:55:21  431 GETTING EVENT
22:55:21  431 KEYBOARD EVENT
22:55:21  431 Movin
22:55:21  431 GETTING EVENT
22:55:21  432 GETTING EVENT
22:55:21  432 KEYBOARD EVENT
22:55:21  432 Movin
22:55:21  432 GETTING EVENT
22:55:21  433 GETTING EVENT
22:55:21  433 KEYBOARD EVENT
22:55:21  433 Movin
22:55:21  433 GETTING EVENT
22:55:21  434 GETTING EVENT
22:55:21  434 KEYBOARD EVENT
22:55:21  434 Movin
22:55:21  434 GETTING EVENT
22:55:21  435 GETTING EVENT
22:55:21  435 KEYBOARD EVENT
22:55:21  435 Movin
22:55:21  435 GETTING EVENT
22:55:21  436 GETTING EVENT
22:55:21  436 KEYBOARD EVENT
22:55:21  436 Movin
22:55:21  436 GETTING EVENT
22:55:21  437 GETTING EVENT
22:55:21  437 KEYBOARD EVENT
22:55:21  437 Movin
22:55:21  437 SceneGraph::updateAltitude(): remove from old altitude (2) failed!
22:55:21  437 GETTING EVENT
22:55:21  437 KEYBOARD EVENT
22:55:21  437 Movin
22:55:21  437 GETTING EVENT
22:55:21  437 KEYBOARD EVENT
22:55:21  437 Movin
22:55:21  437 GETTING EVENT
22:55:21  438 GETTING EVENT
22:55:21  438 KEYBOARD EVENT
22:55:21  438 Movin
22:55:21  438 GETTING EVENT
22:55:21  438 KEYBOARD EVENT
22:55:21  438 Movin
22:55:21  438 GETTING EVENT
22:55:21  439 GETTING EVENT
22:55:21  439 KEYBOARD EVENT
22:55:21  439 Movin
22:55:21  439 GETTING EVENT
22:55:21  439 KEYBOARD EVENT
22:55:21  439 Movin
22:55:21  439 GETTING EVENT
22:55:21  440 GETTING EVENT
22:55:21  440 KEYBOARD EVENT
22:55:21  440 Movin
22:55:21  440 GETTING EVENT
22:55:21  440 KEYBOARD EVENT
22:55:21  440 Movin
22:55:21  440 GETTING EVENT
22:55:21  440 GETTING EVENT
22:55:21  440 Player issued an efficient attack
22:55:21  441 GETTING EVENT
22:55:21  441 KEYBOARD EVENT
22:55:21  441 Movin
22:55:21  441 GETTING EVENT
22:55:21  441 KEYBOARD EVENT
22:55:21  441 Movin
22:55:21  441 GETTING EVENT
22:55:21  442 GETTING EVENT
22:55:21  442 KEYBOARD EVENT
22:55:21  442 Movin
22:55:21  442 GETTING EVENT
22:55:21  442 KEYBOARD EVENT
22:55:21  442 Movin
22:55:21  442 GETTING EVENT
22:55:21  442 GETTING EVENT
22:55:21  442 Hero was hit
22:55:21  442 GETTING EVENT
22:55:21  443 GETTING EVENT
22:55:21  443 KEYBOARD EVENT
22:55:21  443 Movin
22:55:21  443 GETTING EVENT
22:55:21  443 GETTING EVENT
22:55:21  443 Hero was hit
22:55:21  443 GETTING EVENT
22:55:22  444 GETTING EVENT
22:55:22  444 GETTING EVENT
22:55:22  444 Hero was hit
22:55:22  444 GETTING EVENT
22:55:22  445 GETTING EVENT
22:55:22  445 GETTING EVENT
22:55:22  445 Hero was hit
22:55:22  445 GETTING EVENT
22:55:22  446 GETTING EVENT
22:55:22  446 GETTING EVENT
22:55:22  446 Hero was hit
22:55:22  446 GETTING EVENT
22:55:22  447 GETTING EVENT
22:55:22  447 GETTING EVENT
22:55:22  447 Hero was hit
22:55:22  447 GETTING EVENT
22:55:22  448 GETTING EVENT
22:55:22  448 GETTING EVENT
22:55:22  448 Hero was hit
22:55:22  448 GETTING EVENT
22:55:22  449 GETTING EVENT
22:55:22  449 GETTING EVENT
22:55:22  449 Hero was hit
22:55:22  449 GETTING EVENT
22:55:22  450 GETTING EVENT
22:55:22  450 GETTING EVENT
22:55:22  450 Hero was hit
22:55:22  450 GETTING EVENT
22:55:22  451 GETTING EVENT
22:55:22  451 GETTING EVENT
22:55:22  451 Hero was hit
22:55:22  451 GETTING EVENT
22:55:22  452 GETTING EVENT
22:55:22  452 GETTING EVENT
22:55:22  452 Hero was hit
22:55:22  452 GETTING EVENT
22:55:22  453 GETTING EVENT
22:55:22  453 GETTING EVENT
22:55:22  453 Hero was hit
22:55:22  453 GETTING EVENT
22:55:22  454 GETTING EVENT
22:55:22  454 GETTING EVENT
22:55:22  454 Hero was hit
22:55:22  454 GETTING EVENT
22:55:22  455 GETTING EVENT
22:55:22  455 GETTING EVENT
22:55:22  455 Hero was hit
22:55:22  455 GETTING EVENT
22:55:22  456 GETTING EVENT
22:55:22  456 KEYBOARD EVENT
22:55:22  456 Movin
22:55:22  456 SceneGraph::updateAltitude(): remove from old altitude (2) failed!
22:55:22  456 GETTING EVENT
22:55:22  456 KEYBOARD EVENT
22:55:22  456 Movin
22:55:22  456 GETTING EVENT
22:55:22  456 GETTING EVENT
22:55:22  456 Hero was hit
22:55:22  456 GETTING EVENT
22:55:22  456 GETTING EVENT
22:55:22  456 Player issued an efficient attack
22:55:22  457 GETTING EVENT
22:55:22  457 KEYBOARD EVENT
22:55:22  457 Movin
22:55:22  457 GETTING EVENT
22:55:22  458 GETTING EVENT
22:55:22  458 KEYBOARD EVENT
22:55:22  458 Movin
22:55:22  458 GETTING EVENT
22:55:22  459 GETTING EVENT
22:55:22  459 KEYBOARD EVENT
22:55:22  459 Movin
22:55:22  459 GETTING EVENT
22:55:22  460 GETTING EVENT
22:55:22  460 KEYBOARD EVENT
22:55:22  460 Movin
22:55:22  460 GETTING EVENT
22:55:22  461 GETTING EVENT
22:55:22  462 GETTING EVENT
22:55:22  463 GETTING EVENT
22:55:22  463 KEYBOARD EVENT
22:55:22  463 Movin
22:55:22  463 GETTING EVENT
22:55:22  463 KEYBOARD EVENT
22:55:22  463 Movin
22:55:22  463 GETTING EVENT
22:55:22  464 GETTING EVENT
22:55:22  464 KEYBOARD EVENT
22:55:22  464 Movin
22:55:22  464 GETTING EVENT
22:55:22  465 GETTING EVENT
22:55:22  465 KEYBOARD EVENT
22:55:22  465 Movin
22:55:22  465 GETTING EVENT
22:55:22  466 GETTING EVENT
22:55:22  466 KEYBOARD EVENT
22:55:22  466 Movin
22:55:22  466 GETTING EVENT
22:55:22  467 GETTING EVENT
22:55:22  467 KEYBOARD EVENT
22:55:22  467 Movin
22:55:22  467 GETTING EVENT
22:55:22  468 GETTING EVENT
22:55:22  468 KEYBOARD EVENT
22:55:22  468 Movin
22:55:22  468 GETTING EVENT
22:55:22  469 GETTING EVENT
22:55:22  469 KEYBOARD EVENT
22:55:22  469 Movin
22:55:22  469 GETTING EVENT
22:55:22  470 GETTING EVENT
22:55:22  470 KEYBOARD EVENT
22:55:22  470 Movin
22:55:22  470 GETTING EVENT
22:55:22  471 GETTING EVENT
22:55:22  471 KEYBOARD EVENT
22:55:22  471 Movin
22:55:22  471 GETTING EVENT
22:55:22  472 GETTING EVENT
22:55:22  472 KEYBOARD EVENT
22:55:22  472 Movin
22:55:22  472 GETTING EVENT
22:55:22  473 GETTING EVENT
22:55:22  473 KEYBOARD EVENT
22:55:22  473 Movin
22:55:22  473 GETTING EVENT
22:55:23  474 GETTING EVENT
22:55:23  474 KEYBOARD EVENT
22:55:23  474 Movin
22:55:23  474 GETTING EVENT
22:55:23  474 KEYBOARD EVENT
22:55:23  474 Movin
22:55:23  474 GETTING EVENT
22:55:23  474 KEYBOARD EVENT
22:55:23  474 Movin
22:55:23  474 GETTING EVENT
22:55:23  475 GETTING EVENT
22:55:23  475 KEYBOARD EVENT
22:55:23  475 Movin
22:55:23  475 GETTING EVENT
22:55:23  475 KEYBOARD EVENT
22:55:23  475 Movin
22:55:23  475 GETTING EVENT
22:55:23  476 GETTING EVENT
22:55:23  476 KEYBOARD EVENT
22:55:23  476 Movin
22:55:23  476 GETTING EVENT
22:55:23  476 KEYBOARD EVENT
22:55:23  476 Movin
22:55:23  476 GETTING EVENT
22:55:23  477 GETTING EVENT
22:55:23  477 KEYBOARD EVENT
22:55:23  477 Movin
22:55:23  477 GETTING EVENT
22:55:23  478 GETTING EVENT
22:55:23  478 KEYBOARD EVENT
22:55:23  478 Movin
22:55:23  478 GETTING EVENT
22:55:23  478 KEYBOARD EVENT
22:55:23  478 Movin
22:55:23  478 GETTING EVENT
22:55:23  478 KEYBOARD EVENT
22:55:23  478 Movin
22:55:23  478 GETTING EVENT
22:55:23  479 GETTING EVENT
22:55:23  479 KEYBOARD EVENT
22:55:23  479 Movin
22:55:23  479 GETTING EVENT
22:55:23  479 KEYBOARD EVENT
22:55:23  479 Movin
22:55:23  479 GETTING EVENT
22:55:23  480 GETTING EVENT
22:55:23  480 KEYBOARD EVENT
22:55:23  480 Movin
22:55:23  480 GETTING EVENT
22:55:23  480 KEYBOARD EVENT
22:55:23  480 Movin
22:55:23  480 GETTING EVENT
22:55:23  481 GETTING EVENT
22:55:23  481 KEYBOARD EVENT
22:55:23  481 Movin
22:55:23  481 GETTING EVENT
22:55:23  481 KEYBOARD EVENT
22:55:23  481 Movin
22:55:23  481 GETTING EVENT
22:55:23  482 GETTING EVENT
22:55:23  482 KEYBOARD EVENT
22:55:23  482 Movin
22:55:23  482 GETTING EVENT
22:55:23  482 KEYBOARD EVENT
22:55:23  482 Movin
22:55:23  482 GETTING EVENT
22:55:23  483 GETTING EVENT
22:55:23  483 KEYBOARD EVENT
22:55:23  483 Movin
22:55:23  483 GETTING EVENT
22:55:23  483 KEYBOARD EVENT
22:55:23  483 Movin
22:55:23  483 GETTING EVENT
22:55:23  484 GETTING EVENT
22:55:23  484 KEYBOARD EVENT
22:55:23  484 Movin
22:55:23  484 GETTING EVENT
22:55:23  484 KEYBOARD EVENT
22:55:23  484 Movin
22:55:23  484 GETTING EVENT
22:55:23  485 GETTING EVENT
22:55:23  485 KEYBOARD EVENT
22:55:23  485 Movin
22:55:23  485 GETTING EVENT
22:55:23  485 KEYBOARD EVENT
22:55:23  485 Movin
22:55:23  485 GETTING EVENT
22:55:23  486 GETTING EVENT
22:55:23  486 KEYBOARD EVENT
22:55:23  486 Movin
22:55:23  486 GETTING EVENT
22:55:23  486 KEYBOARD EVENT
22:55:23  486 Movin
22:55:23  486 GETTING EVENT
22:55:23  487 GETTING EVENT
22:55:23  487 KEYBOARD EVENT
22:55:23  487 Movin
22:55:23  487 GETTING EVENT
22:55:23  487 KEYBOARD EVENT
22:55:23  487 Movin
22:55:23  487 GETTING EVENT
22:55:23  488 GETTING EVENT
22:55:23  488 KEYBOARD EVENT
22:55:23  488 Movin
22:55:23  488 GETTING EVENT
22:55:23  488 KEYBOARD EVENT
22:55:23  488 Movin
22:55:23  488 GETTING EVENT
22:55:23  489 GETTING EVENT
22:55:23  489 KEYBOARD EVENT
22:55:23  489 Movin
22:55:23  489 GETTING EVENT
22:55:23  490 GETTING EVENT
22:55:23  490 KEYBOARD EVENT
22:55:23  490 Movin
22:55:23  490 GETTING EVENT
22:55:23  491 GETTING EVENT
22:55:23  491 KEYBOARD EVENT
22:55:23  491 Movin
22:55:23  491 GETTING EVENT
22:55:23  492 GETTING EVENT
22:55:23  492 KEYBOARD EVENT
22:55:23  492 Movin
22:55:23  492 GETTING EVENT
22:55:23  493 GETTING EVENT
22:55:23  493 KEYBOARD EVENT
22:55:23  493 Movin
22:55:23  493 GETTING EVENT
22:55:23  494 GETTING EVENT
22:55:23  494 KEYBOARD EVENT
22:55:23  494 Movin
22:55:23  494 GETTING EVENT
22:55:23  495 GETTING EVENT
22:55:23  495 KEYBOARD EVENT
22:55:23  495 Movin
22:55:23  495 GETTING EVENT
22:55:23  496 GETTING EVENT
22:55:23  496 KEYBOARD EVENT
22:55:23  496 Movin
22:55:23  496 GETTING EVENT
22:55:23  497 GETTING EVENT
22:55:23  497 KEYBOARD EVENT
22:55:23  497 Movin
22:55:23  497 GETTING EVENT
22:55:23  498 GETTING EVENT
22:55:23  498 KEYBOARD EVENT
22:55:23  498 Movin
22:55:23  498 GETTING EVENT
22:55:23  499 GETTING EVENT
22:55:23  500 GETTING EVENT
22:55:23  501 GETTING EVENT
22:55:23  502 GETTING EVENT
22:55:23  503 GETTING EVENT
22:55:23  504 GETTING EVENT
22:55:24  505 GETTING EVENT
22:55:24  506 GETTING EVENT
22:55:24  507 GETTING EVENT
22:55:24  508 GETTING EVENT
22:55:24  509 GETTING EVENT
22:55:24  510 GETTING EVENT
22:55:24  511 GETTING EVENT
22:55:24  512 GETTING EVENT
22:55:24  513 GETTING EVENT
22:55:24  514 GETTING EVENT
22:55:24  515 GETTING EVENT
22:55:24  516 GETTING EVENT
22:55:24  517 GETTING EVENT
22:55:24  518 GETTING EVENT
22:55:24  519 GETTING EVENT
22:55:24  520 GETTING EVENT
22:55:24  521 GETTING EVENT
22:55:24  522 GETTING EVENT
22:55:24  523 GETTING EVENT
22:55:24  524 GETTING EVENT
22:55:24  525 GETTING EVENT
22:55:24  526 GETTING EVENT
22:55:24  527 GETTING EVENT
22:55:24  528 GETTING EVENT
22:55:24  529 GETTING EVENT
22:55:24  530 GETTING EVENT
22:55:24  531 GETTING EVENT
22:55:24  532 GETTING EVENT
22:55:24  533 GETTING EVENT
22:55:24  534 GETTING EVENT
22:55:25  535 GETTING EVENT
22:55:25  536 GETTING EVENT
22:55:25  537 GETTING EVENT
22:55:25  538 GETTING EVENT
22:55:25  539 GETTING EVENT
22:55:25  540 GETTING EVENT
22:55:25  541 GETTING EVENT
22:55:25  542 GETTING EVENT
22:55:25  543 GETTING EVENT
22:55:25  544 GETTING EVENT
22:55:25  545 GETTING EVENT
22:55:25  546 GETTING EVENT
22:55:25  547 GETTING EVENT
22:55:25  548 GETTING EVENT
22:55:25  549 GETTING EVENT
22:55:25  550 GETTING EVENT
22:55:25  551 GETTING EVENT
22:55:25  552 GETTING EVENT
22:55:25  553 GETTING EVENT
22:55:25  554 GETTING EVENT
22:55:25  555 GETTING EVENT
22:55:25  556 GETTING EVENT
22:55:25  557 GETTING EVENT
22:55:25  558 GETTING EVENT
22:55:25  559 GETTING EVENT
22:55:25  560 GETTING EVENT
22:55:25  561 GETTING EVENT
22:55:25  562 GETTING EVENT
22:55:25  563 GETTING EVENT
22:55:25  564 GETTING EVENT
22:55:26  565 GETTING EVENT
22:55:26  566 GETTING EVENT
22:55:26  567 GETTING EVENT
22:55:26  568 GETTING EVENT
22:55:26  569 ****************************************************
22:55:26  569 ** Game engine stopped **
