d:\user\documents\visual studio projects\dungeons-and-dragonflies\vs-2019\x64\debug\vc142.pdb
d:\user\documents\visual studio projects\dungeons-and-dragonflies\vs-2019\x64\debug\vc142.idb
d:\user\documents\visual studio projects\dungeons-and-dragonflies\vs-2019\x64\debug\hero.obj
d:\user\documents\visual studio projects\dungeons-and-dragonflies\vs-2019\x64\debug\space.obj
d:\user\documents\visual studio projects\dungeons-and-dragonflies\vs-2019\x64\debug\map.obj
d:\user\documents\visual studio projects\dungeons-and-dragonflies\vs-2019\x64\debug\game.obj
d:\user\documents\visual studio projects\dungeons-and-dragonflies\vs-2019\x64\debug\wall.obj
d:\user\documents\visual studio projects\dungeons-and-dragonflies\vs-2019\x64\debug\relationship.obj
d:\user\documents\visual studio projects\dungeons-and-dragonflies\vs-2019\x64\debug\stairs.obj
d:\user\documents\visual studio projects\dungeons-and-dragonflies\vs-2019\x64\debug\dungeons-and-dragonflies.exe
d:\user\documents\visual studio projects\dungeons-and-dragonflies\vs-2019\x64\debug\dungeons-and-dragonflies.ilk
d:\user\documents\visual studio projects\dungeons-and-dragonflies\vs-2019\x64\debug\dungeons-and-dragonflies.pdb
d:\user\documents\visual studio projects\dungeons-and-dragonflies\vs-2019\x64\debug\map.new.obj.enc
d:\user\documents\visual studio projects\dungeons-and-dragonflies\vs-2019\x64\debug\space.new.obj.enc
d:\user\documents\visual studio projects\dungeons-and-dragonflies\vs-2019\x64\debug\dungeons.edd58140.tlog\cl.command.1.tlog
d:\user\documents\visual studio projects\dungeons-and-dragonflies\vs-2019\x64\debug\dungeons.edd58140.tlog\cl.read.1.tlog
d:\user\documents\visual studio projects\dungeons-and-dragonflies\vs-2019\x64\debug\dungeons.edd58140.tlog\cl.write.1.tlog
d:\user\documents\visual studio projects\dungeons-and-dragonflies\vs-2019\x64\debug\dungeons.edd58140.tlog\link.command.1.tlog
d:\user\documents\visual studio projects\dungeons-and-dragonflies\vs-2019\x64\debug\dungeons.edd58140.tlog\link.read.1.tlog
d:\user\documents\visual studio projects\dungeons-and-dragonflies\vs-2019\x64\debug\dungeons.edd58140.tlog\link.write.1.tlog
