C:\Program Files (x86)\Microsoft Visual Studio\2019\Community\MSBuild\Microsoft\VC\v160\Microsoft.CppBuild.targets(452,5): warning MSB8028: The intermediate directory (x64\Debug\) contains files shared from another project (saucer-shoot.vcxproj).  This can lead to incorrect clean and rebuild behavior.
  game.cpp
C:\Users\alega\Documents\Visual Studio 2019\Projects\dungeons-and-dragonflies\game.cpp(134,44): warning C4244: 'argument': conversion from 'int' to 'float', possible loss of data
C:\Users\alega\Documents\Visual Studio 2019\Projects\dungeons-and-dragonflies\game.cpp(134,36): warning C4244: 'argument': conversion from 'int' to 'float', possible loss of data
C:\Users\alega\Documents\Visual Studio 2019\Projects\dungeons-and-dragonflies\game.cpp(137,80): warning C4244: 'argument': conversion from 'int' to 'float', possible loss of data
C:\Users\alega\Documents\Visual Studio 2019\Projects\dungeons-and-dragonflies\game.cpp(137,53): warning C4244: 'argument': conversion from 'int' to 'float', possible loss of data
C:\Users\alega\Documents\Visual Studio 2019\Projects\dungeons-and-dragonflies\game.cpp(161,83): warning C4244: 'argument': conversion from 'int' to 'float', possible loss of data
C:\Users\alega\Documents\Visual Studio 2019\Projects\dungeons-and-dragonflies\game.cpp(161,56): warning C4244: 'argument': conversion from 'int' to 'float', possible loss of data
C:\Users\alega\Documents\Visual Studio 2019\Projects\dungeons-and-dragonflies\game.cpp(193,13): warning C4244: 'initializing': conversion from 'float' to 'int', possible loss of data
C:\Users\alega\Documents\Visual Studio 2019\Projects\dungeons-and-dragonflies\game.cpp(194,13): warning C4244: 'initializing': conversion from 'float' to 'int', possible loss of data
C:\Users\alega\Documents\Visual Studio 2019\Projects\dungeons-and-dragonflies\game.cpp(200,41): warning C4244: 'argument': conversion from 'int' to 'float', possible loss of data
C:\Users\alega\Documents\Visual Studio 2019\Projects\dungeons-and-dragonflies\game.cpp(200,36): warning C4244: 'argument': conversion from 'int' to 'float', possible loss of data
C:\Users\alega\Documents\Visual Studio 2019\Projects\dungeons-and-dragonflies\game.cpp(203,41): warning C4244: 'argument': conversion from 'int' to 'float', possible loss of data
C:\Users\alega\Documents\Visual Studio 2019\Projects\dungeons-and-dragonflies\game.cpp(203,36): warning C4244: 'argument': conversion from 'int' to 'float', possible loss of data
C:\Users\alega\Documents\Visual Studio 2019\Projects\dungeons-and-dragonflies\game.cpp(206,43): warning C4244: 'argument': conversion from 'int' to 'float', possible loss of data
C:\Users\alega\Documents\Visual Studio 2019\Projects\dungeons-and-dragonflies\game.cpp(206,29): warning C4244: 'argument': conversion from 'int' to 'float', possible loss of data
C:\Users\alega\Documents\Visual Studio 2019\Projects\dungeons-and-dragonflies\game.cpp(209,43): warning C4244: 'argument': conversion from 'int' to 'float', possible loss of data
C:\Users\alega\Documents\Visual Studio 2019\Projects\dungeons-and-dragonflies\game.cpp(209,29): warning C4244: 'argument': conversion from 'int' to 'float', possible loss of data
C:\Users\alega\Documents\Visual Studio 2019\Projects\dungeons-and-dragonflies\game.cpp(214,14): warning C4244: 'initializing': conversion from 'float' to 'int', possible loss of data
C:\Users\alega\Documents\Visual Studio 2019\Projects\dungeons-and-dragonflies\game.cpp(215,14): warning C4244: 'initializing': conversion from 'float' to 'int', possible loss of data
C:\Users\alega\Documents\Visual Studio 2019\Projects\dungeons-and-dragonflies\game.cpp(221,44): warning C4244: 'argument': conversion from 'int' to 'float', possible loss of data
C:\Users\alega\Documents\Visual Studio 2019\Projects\dungeons-and-dragonflies\game.cpp(221,39): warning C4244: 'argument': conversion from 'int' to 'float', possible loss of data
C:\Users\alega\Documents\Visual Studio 2019\Projects\dungeons-and-dragonflies\game.cpp(222,41): warning C4244: 'argument': conversion from 'int' to 'float', possible loss of data
C:\Users\alega\Documents\Visual Studio 2019\Projects\dungeons-and-dragonflies\game.cpp(222,36): warning C4244: 'argument': conversion from 'int' to 'float', possible loss of data
C:\Users\alega\Documents\Visual Studio 2019\Projects\dungeons-and-dragonflies\game.cpp(223,45): warning C4244: 'argument': conversion from 'int' to 'float', possible loss of data
C:\Users\alega\Documents\Visual Studio 2019\Projects\dungeons-and-dragonflies\game.cpp(223,28): warning C4244: 'argument': conversion from 'int' to 'float', possible loss of data
C:\Users\alega\Documents\Visual Studio 2019\Projects\dungeons-and-dragonflies\game.cpp(224,45): warning C4244: 'argument': conversion from 'int' to 'float', possible loss of data
  AttackRange.cpp
  EventHeroMoved.cpp
  EventMonsterHit.cpp
  EventPlayerHit.cpp
  Hero.cpp
C:\Users\alega\Documents\Visual Studio 2019\Projects\dungeons-and-dragonflies\game.cpp(224,28): warning C4244: 'argument': conversion from 'int' to 'float', possible loss of data
C:\Users\alega\Documents\Visual Studio 2019\Projects\dungeons-and-dragonflies\vs-2019\Hero.cpp(179,10): warning C4244: 'initializing': conversion from 'float' to 'int', possible loss of data
C:\Users\alega\Documents\Visual Studio 2019\Projects\dungeons-and-dragonflies\vs-2019\Hero.cpp(180,10): warning C4244: 'initializing': conversion from 'float' to 'int', possible loss of data
C:\Users\alega\Documents\Visual Studio 2019\Projects\dungeons-and-dragonflies\vs-2019\Hero.cpp(181,20): warning C4244: 'argument': conversion from 'int' to 'float', possible loss of data
  Map.cpp
C:\Users\alega\Documents\Visual Studio 2019\Projects\dungeons-and-dragonflies\vs-2019\Hero.cpp(181,17): warning C4244: 'argument': conversion from 'int' to 'float', possible loss of data
C:\Users\alega\Documents\Visual Studio 2019\Projects\dungeons-and-dragonflies\vs-2019\Map.cpp(59,13): warning C4244: 'initializing': conversion from 'float' to 'int', possible loss of data
  Relationship.cpp
  Space.cpp
C:\Users\alega\Documents\Visual Studio 2019\Projects\dungeons-and-dragonflies\vs-2019\Map.cpp(60,13): warning C4244: 'initializing': conversion from 'float' to 'int', possible loss of data
C:\Users\alega\Documents\Visual Studio 2019\Projects\dungeons-and-dragonflies\vs-2019\Space.cpp(103,15): warning C4244: 'initializing': conversion from 'float' to 'int', possible loss of data
C:\Users\alega\Documents\Visual Studio 2019\Projects\dungeons-and-dragonflies\vs-2019\Space.cpp(104,15): warning C4244: 'initializing': conversion from 'float' to 'int', possible loss of data
C:\Users\alega\Documents\Visual Studio 2019\Projects\dungeons-and-dragonflies\vs-2019\Space.cpp(106,14): warning C4244: 'initializing': conversion from 'float' to 'int', possible loss of data
C:\Users\alega\Documents\Visual Studio 2019\Projects\dungeons-and-dragonflies\vs-2019\Space.cpp(107,14): warning C4244: 'initializing': conversion from 'float' to 'int', possible loss of data
C:\Users\alega\Documents\Visual Studio 2019\Projects\dungeons-and-dragonflies\vs-2019\Space.cpp(114,17): warning C4244: 'initializing': conversion from 'double' to 'float', possible loss of data
C:\Users\alega\Documents\Visual Studio 2019\Projects\dungeons-and-dragonflies\vs-2019\Space.cpp(117,82): warning C4244: 'argument': conversion from 'float' to 'int', possible loss of data
C:\Users\alega\Documents\Visual Studio 2019\Projects\dungeons-and-dragonflies\vs-2019\Space.cpp(117,48): warning C4244: 'argument': conversion from 'float' to 'int', possible loss of data
C:\Users\alega\Documents\Visual Studio 2019\Projects\dungeons-and-dragonflies\vs-2019\Space.cpp(119,82): warning C4244: 'argument': conversion from 'float' to 'int', possible loss of data
C:\Users\alega\Documents\Visual Studio 2019\Projects\dungeons-and-dragonflies\vs-2019\Space.cpp(119,48): warning C4244: 'argument': conversion from 'float' to 'int', possible loss of data
C:\Users\alega\Documents\Visual Studio 2019\Projects\dungeons-and-dragonflies\vs-2019\Space.cpp(124,14): warning C4244: 'initializing': conversion from 'float' to 'int', possible loss of data
C:\Users\alega\Documents\Visual Studio 2019\Projects\dungeons-and-dragonflies\vs-2019\Space.cpp(125,14): warning C4244: 'initializing': conversion from 'float' to 'int', possible loss of data
C:\Users\alega\Documents\Visual Studio 2019\Projects\dungeons-and-dragonflies\vs-2019\Space.cpp(128,41): warning C4244: 'argument': conversion from 'int' to 'float', possible loss of data
C:\Users\alega\Documents\Visual Studio 2019\Projects\dungeons-and-dragonflies\vs-2019\Space.cpp(128,35): warning C4244: 'argument': conversion from 'int' to 'float', possible loss of data
C:\Users\alega\Documents\Visual Studio 2019\Projects\dungeons-and-dragonflies\vs-2019\Space.cpp(140,15): warning C4244: 'initializing': conversion from 'float' to 'int', possible loss of data
C:\Users\alega\Documents\Visual Studio 2019\Projects\dungeons-and-dragonflies\vs-2019\Space.cpp(141,15): warning C4244: 'initializing': conversion from 'float' to 'int', possible loss of data
C:\Users\alega\Documents\Visual Studio 2019\Projects\dungeons-and-dragonflies\vs-2019\Space.cpp(143,14): warning C4244: 'initializing': conversion from 'float' to 'int', possible loss of data
C:\Users\alega\Documents\Visual Studio 2019\Projects\dungeons-and-dragonflies\vs-2019\Space.cpp(144,14): warning C4244: 'initializing': conversion from 'float' to 'int', possible loss of data
C:\Users\alega\Documents\Visual Studio 2019\Projects\dungeons-and-dragonflies\vs-2019\Space.cpp(153,73): warning C4244: 'argument': conversion from 'double' to 'int', possible loss of data
C:\Users\alega\Documents\Visual Studio 2019\Projects\dungeons-and-dragonflies\vs-2019\Space.cpp(153,34): warning C4244: 'argument': conversion from 'double' to 'int', possible loss of data
C:\Users\alega\Documents\Visual Studio 2019\Projects\dungeons-and-dragonflies\vs-2019\Space.cpp(155,73): warning C4244: 'argument': conversion from 'double' to 'int', possible loss of data
C:\Users\alega\Documents\Visual Studio 2019\Projects\dungeons-and-dragonflies\vs-2019\Space.cpp(155,34): warning C4244: 'argument': conversion from 'double' to 'int', possible loss of data
C:\Users\alega\Documents\Visual Studio 2019\Projects\dungeons-and-dragonflies\vs-2019\Space.cpp(160,14): warning C4244: 'initializing': conversion from 'float' to 'int', possible loss of data
C:\Users\alega\Documents\Visual Studio 2019\Projects\dungeons-and-dragonflies\vs-2019\Space.cpp(161,14): warning C4244: 'initializing': conversion from 'float' to 'int', possible loss of data
C:\Users\alega\Documents\Visual Studio 2019\Projects\dungeons-and-dragonflies\vs-2019\Space.cpp(163,67): warning C4244: 'argument': conversion from 'float' to 'int', possible loss of data
C:\Users\alega\Documents\Visual Studio 2019\Projects\dungeons-and-dragonflies\vs-2019\Space.cpp(163,34): warning C4244: 'argument': conversion from 'float' to 'int', possible loss of data
C:\Users\alega\Documents\Visual Studio 2019\Projects\dungeons-and-dragonflies\vs-2019\Space.cpp(164,41): warning C4244: 'argument': conversion from 'int' to 'float', possible loss of data
  Stairs.cpp
  Wall.cpp
  Hunger.cpp
  Monster.cpp
  StateChase.cpp
C:\Users\alega\Documents\Visual Studio 2019\Projects\dungeons-and-dragonflies\vs-2019\Space.cpp(164,35): warning C4244: 'argument': conversion from 'int' to 'float', possible loss of data
  StateSearch.cpp
C:\Users\alega\Documents\Visual Studio 2019\Projects\dungeons-and-dragonflies\vs-2019\StateChase.cpp(14,29): warning C4305: 'argument': truncation from 'double' to 'float'
C:\Users\alega\Documents\Visual Studio 2019\Projects\dungeons-and-dragonflies\vs-2019\StateSearch.cpp(30,30): warning C4305: 'argument': truncation from 'double' to 'float'
  StateWander.cpp
C:\Users\alega\Documents\Visual Studio 2019\Projects\dungeons-and-dragonflies\vs-2019\StateSearch.cpp(63,35): warning C4305: 'argument': truncation from 'double' to 'float'
  Generating Code...
C:\Users\alega\Documents\Visual Studio 2019\Projects\dungeons-and-dragonflies\vs-2019\StateWander.cpp(73,35): warning C4305: 'argument': truncation from 'double' to 'float'
C:\Users\alega\Documents\Visual Studio 2019\Projects\dungeons-and-dragonflies\vs-2019\StateWander.cpp(27): warning C4715: 'chooseDirection': not all control paths return a value
C:\Users\alega\Documents\Visual Studio 2019\Projects\dungeons-and-dragonflies\vs-2019\StateSearch.cpp(20): warning C4715: 'StateSearch::chooseDirection': not all control paths return a value
libdragonfly-x64-debug.lib(Animation.obj) : warning LNK4099: PDB 'dragonfly.pdb' was not found with 'libdragonfly-x64-debug.lib(Animation.obj)' or at 'C:\Users\alega\Documents\Visual Studio 2019\Projects\dungeons-and-dragonflies\vs-2019\x64\Debug\dragonfly.pdb'; linking object as if no debug info
libdragonfly-x64-debug.lib(Box.obj) : warning LNK4099: PDB 'dragonfly.pdb' was not found with 'libdragonfly-x64-debug.lib(Box.obj)' or at 'C:\Users\alega\Documents\Visual Studio 2019\Projects\dungeons-and-dragonflies\vs-2019\x64\Debug\dragonfly.pdb'; linking object as if no debug info
libdragonfly-x64-debug.lib(Circle.obj) : warning LNK4099: PDB 'dragonfly.pdb' was not found with 'libdragonfly-x64-debug.lib(Circle.obj)' or at 'C:\Users\alega\Documents\Visual Studio 2019\Projects\dungeons-and-dragonflies\vs-2019\x64\Debug\dragonfly.pdb'; linking object as if no debug info
libdragonfly-x64-debug.lib(Clock.obj) : warning LNK4099: PDB 'dragonfly.pdb' was not found with 'libdragonfly-x64-debug.lib(Clock.obj)' or at 'C:\Users\alega\Documents\Visual Studio 2019\Projects\dungeons-and-dragonflies\vs-2019\x64\Debug\dragonfly.pdb'; linking object as if no debug info
libdragonfly-x64-debug.lib(Config.obj) : warning LNK4099: PDB 'dragonfly.pdb' was not found with 'libdragonfly-x64-debug.lib(Config.obj)' or at 'C:\Users\alega\Documents\Visual Studio 2019\Projects\dungeons-and-dragonflies\vs-2019\x64\Debug\dragonfly.pdb'; linking object as if no debug info
libdragonfly-x64-debug.lib(DisplayManager.obj) : warning LNK4099: PDB 'dragonfly.pdb' was not found with 'libdragonfly-x64-debug.lib(DisplayManager.obj)' or at 'C:\Users\alega\Documents\Visual Studio 2019\Projects\dungeons-and-dragonflies\vs-2019\x64\Debug\dragonfly.pdb'; linking object as if no debug info
libdragonfly-x64-debug.lib(Event.obj) : warning LNK4099: PDB 'dragonfly.pdb' was not found with 'libdragonfly-x64-debug.lib(Event.obj)' or at 'C:\Users\alega\Documents\Visual Studio 2019\Projects\dungeons-and-dragonflies\vs-2019\x64\Debug\dragonfly.pdb'; linking object as if no debug info
libdragonfly-x64-debug.lib(EventCollision.obj) : warning LNK4099: PDB 'dragonfly.pdb' was not found with 'libdragonfly-x64-debug.lib(EventCollision.obj)' or at 'C:\Users\alega\Documents\Visual Studio 2019\Projects\dungeons-and-dragonflies\vs-2019\x64\Debug\dragonfly.pdb'; linking object as if no debug info
libdragonfly-x64-debug.lib(EventKeyboard.obj) : warning LNK4099: PDB 'dragonfly.pdb' was not found with 'libdragonfly-x64-debug.lib(EventKeyboard.obj)' or at 'C:\Users\alega\Documents\Visual Studio 2019\Projects\dungeons-and-dragonflies\vs-2019\x64\Debug\dragonfly.pdb'; linking object as if no debug info
libdragonfly-x64-debug.lib(EventMouse.obj) : warning LNK4099: PDB 'dragonfly.pdb' was not found with 'libdragonfly-x64-debug.lib(EventMouse.obj)' or at 'C:\Users\alega\Documents\Visual Studio 2019\Projects\dungeons-and-dragonflies\vs-2019\x64\Debug\dragonfly.pdb'; linking object as if no debug info
libdragonfly-x64-debug.lib(EventNetwork.obj) : warning LNK4099: PDB 'dragonfly.pdb' was not found with 'libdragonfly-x64-debug.lib(EventNetwork.obj)' or at 'C:\Users\alega\Documents\Visual Studio 2019\Projects\dungeons-and-dragonflies\vs-2019\x64\Debug\dragonfly.pdb'; linking object as if no debug info
libdragonfly-x64-debug.lib(EventOut.obj) : warning LNK4099: PDB 'dragonfly.pdb' was not found with 'libdragonfly-x64-debug.lib(EventOut.obj)' or at 'C:\Users\alega\Documents\Visual Studio 2019\Projects\dungeons-and-dragonflies\vs-2019\x64\Debug\dragonfly.pdb'; linking object as if no debug info
libdragonfly-x64-debug.lib(EventPath.obj) : warning LNK4099: PDB 'dragonfly.pdb' was not found with 'libdragonfly-x64-debug.lib(EventPath.obj)' or at 'C:\Users\alega\Documents\Visual Studio 2019\Projects\dungeons-and-dragonflies\vs-2019\x64\Debug\dragonfly.pdb'; linking object as if no debug info
libdragonfly-x64-debug.lib(EventStep.obj) : warning LNK4099: PDB 'dragonfly.pdb' was not found with 'libdragonfly-x64-debug.lib(EventStep.obj)' or at 'C:\Users\alega\Documents\Visual Studio 2019\Projects\dungeons-and-dragonflies\vs-2019\x64\Debug\dragonfly.pdb'; linking object as if no debug info
libdragonfly-x64-debug.lib(EventView.obj) : warning LNK4099: PDB 'dragonfly.pdb' was not found with 'libdragonfly-x64-debug.lib(EventView.obj)' or at 'C:\Users\alega\Documents\Visual Studio 2019\Projects\dungeons-and-dragonflies\vs-2019\x64\Debug\dragonfly.pdb'; linking object as if no debug info
libdragonfly-x64-debug.lib(Firework.obj) : warning LNK4099: PDB 'dragonfly.pdb' was not found with 'libdragonfly-x64-debug.lib(Firework.obj)' or at 'C:\Users\alega\Documents\Visual Studio 2019\Projects\dungeons-and-dragonflies\vs-2019\x64\Debug\dragonfly.pdb'; linking object as if no debug info
libdragonfly-x64-debug.lib(Frame.obj) : warning LNK4099: PDB 'dragonfly.pdb' was not found with 'libdragonfly-x64-debug.lib(Frame.obj)' or at 'C:\Users\alega\Documents\Visual Studio 2019\Projects\dungeons-and-dragonflies\vs-2019\x64\Debug\dragonfly.pdb'; linking object as if no debug info
libdragonfly-x64-debug.lib(GameManager.obj) : warning LNK4099: PDB 'dragonfly.pdb' was not found with 'libdragonfly-x64-debug.lib(GameManager.obj)' or at 'C:\Users\alega\Documents\Visual Studio 2019\Projects\dungeons-and-dragonflies\vs-2019\x64\Debug\dragonfly.pdb'; linking object as if no debug info
libdragonfly-x64-debug.lib(InputManager.obj) : warning LNK4099: PDB 'dragonfly.pdb' was not found with 'libdragonfly-x64-debug.lib(InputManager.obj)' or at 'C:\Users\alega\Documents\Visual Studio 2019\Projects\dungeons-and-dragonflies\vs-2019\x64\Debug\dragonfly.pdb'; linking object as if no debug info
libdragonfly-x64-debug.lib(Line.obj) : warning LNK4099: PDB 'dragonfly.pdb' was not found with 'libdragonfly-x64-debug.lib(Line.obj)' or at 'C:\Users\alega\Documents\Visual Studio 2019\Projects\dungeons-and-dragonflies\vs-2019\x64\Debug\dragonfly.pdb'; linking object as if no debug info
libdragonfly-x64-debug.lib(LogManager.obj) : warning LNK4099: PDB 'dragonfly.pdb' was not found with 'libdragonfly-x64-debug.lib(LogManager.obj)' or at 'C:\Users\alega\Documents\Visual Studio 2019\Projects\dungeons-and-dragonflies\vs-2019\x64\Debug\dragonfly.pdb'; linking object as if no debug info
libdragonfly-x64-debug.lib(Manager.obj) : warning LNK4099: PDB 'dragonfly.pdb' was not found with 'libdragonfly-x64-debug.lib(Manager.obj)' or at 'C:\Users\alega\Documents\Visual Studio 2019\Projects\dungeons-and-dragonflies\vs-2019\x64\Debug\dragonfly.pdb'; linking object as if no debug info
libdragonfly-x64-debug.lib(Music.obj) : warning LNK4099: PDB 'dragonfly.pdb' was not found with 'libdragonfly-x64-debug.lib(Music.obj)' or at 'C:\Users\alega\Documents\Visual Studio 2019\Projects\dungeons-and-dragonflies\vs-2019\x64\Debug\dragonfly.pdb'; linking object as if no debug info
libdragonfly-x64-debug.lib(NetworkManager.obj) : warning LNK4099: PDB 'dragonfly.pdb' was not found with 'libdragonfly-x64-debug.lib(NetworkManager.obj)' or at 'C:\Users\alega\Documents\Visual Studio 2019\Projects\dungeons-and-dragonflies\vs-2019\x64\Debug\dragonfly.pdb'; linking object as if no debug info
libdragonfly-x64-debug.lib(Object.obj) : warning LNK4099: PDB 'dragonfly.pdb' was not found with 'libdragonfly-x64-debug.lib(Object.obj)' or at 'C:\Users\alega\Documents\Visual Studio 2019\Projects\dungeons-and-dragonflies\vs-2019\x64\Debug\dragonfly.pdb'; linking object as if no debug info
libdragonfly-x64-debug.lib(ObjectList.obj) : warning LNK4099: PDB 'dragonfly.pdb' was not found with 'libdragonfly-x64-debug.lib(ObjectList.obj)' or at 'C:\Users\alega\Documents\Visual Studio 2019\Projects\dungeons-and-dragonflies\vs-2019\x64\Debug\dragonfly.pdb'; linking object as if no debug info
libdragonfly-x64-debug.lib(ObjectListIterator.obj) : warning LNK4099: PDB 'dragonfly.pdb' was not found with 'libdragonfly-x64-debug.lib(ObjectListIterator.obj)' or at 'C:\Users\alega\Documents\Visual Studio 2019\Projects\dungeons-and-dragonflies\vs-2019\x64\Debug\dragonfly.pdb'; linking object as if no debug info
libdragonfly-x64-debug.lib(Particle.obj) : warning LNK4099: PDB 'dragonfly.pdb' was not found with 'libdragonfly-x64-debug.lib(Particle.obj)' or at 'C:\Users\alega\Documents\Visual Studio 2019\Projects\dungeons-and-dragonflies\vs-2019\x64\Debug\dragonfly.pdb'; linking object as if no debug info
libdragonfly-x64-debug.lib(Path.obj) : warning LNK4099: PDB 'dragonfly.pdb' was not found with 'libdragonfly-x64-debug.lib(Path.obj)' or at 'C:\Users\alega\Documents\Visual Studio 2019\Projects\dungeons-and-dragonflies\vs-2019\x64\Debug\dragonfly.pdb'; linking object as if no debug info
libdragonfly-x64-debug.lib(PathFind.obj) : warning LNK4099: PDB 'dragonfly.pdb' was not found with 'libdragonfly-x64-debug.lib(PathFind.obj)' or at 'C:\Users\alega\Documents\Visual Studio 2019\Projects\dungeons-and-dragonflies\vs-2019\x64\Debug\dragonfly.pdb'; linking object as if no debug info
libdragonfly-x64-debug.lib(PathManager.obj) : warning LNK4099: PDB 'dragonfly.pdb' was not found with 'libdragonfly-x64-debug.lib(PathManager.obj)' or at 'C:\Users\alega\Documents\Visual Studio 2019\Projects\dungeons-and-dragonflies\vs-2019\x64\Debug\dragonfly.pdb'; linking object as if no debug info
libdragonfly-x64-debug.lib(Precipitation.obj) : warning LNK4099: PDB 'dragonfly.pdb' was not found with 'libdragonfly-x64-debug.lib(Precipitation.obj)' or at 'C:\Users\alega\Documents\Visual Studio 2019\Projects\dungeons-and-dragonflies\vs-2019\x64\Debug\dragonfly.pdb'; linking object as if no debug info
libdragonfly-x64-debug.lib(ResourceManager.obj) : warning LNK4099: PDB 'dragonfly.pdb' was not found with 'libdragonfly-x64-debug.lib(ResourceManager.obj)' or at 'C:\Users\alega\Documents\Visual Studio 2019\Projects\dungeons-and-dragonflies\vs-2019\x64\Debug\dragonfly.pdb'; linking object as if no debug info
libdragonfly-x64-debug.lib(SceneGraph.obj) : warning LNK4099: PDB 'dragonfly.pdb' was not found with 'libdragonfly-x64-debug.lib(SceneGraph.obj)' or at 'C:\Users\alega\Documents\Visual Studio 2019\Projects\dungeons-and-dragonflies\vs-2019\x64\Debug\dragonfly.pdb'; linking object as if no debug info
libdragonfly-x64-debug.lib(Shape.obj) : warning LNK4099: PDB 'dragonfly.pdb' was not found with 'libdragonfly-x64-debug.lib(Shape.obj)' or at 'C:\Users\alega\Documents\Visual Studio 2019\Projects\dungeons-and-dragonflies\vs-2019\x64\Debug\dragonfly.pdb'; linking object as if no debug info
libdragonfly-x64-debug.lib(Sound.obj) : warning LNK4099: PDB 'dragonfly.pdb' was not found with 'libdragonfly-x64-debug.lib(Sound.obj)' or at 'C:\Users\alega\Documents\Visual Studio 2019\Projects\dungeons-and-dragonflies\vs-2019\x64\Debug\dragonfly.pdb'; linking object as if no debug info
libdragonfly-x64-debug.lib(Splash.obj) : warning LNK4099: PDB 'dragonfly.pdb' was not found with 'libdragonfly-x64-debug.lib(Splash.obj)' or at 'C:\Users\alega\Documents\Visual Studio 2019\Projects\dungeons-and-dragonflies\vs-2019\x64\Debug\dragonfly.pdb'; linking object as if no debug info
libdragonfly-x64-debug.lib(SplashDragonfly.obj) : warning LNK4099: PDB 'dragonfly.pdb' was not found with 'libdragonfly-x64-debug.lib(SplashDragonfly.obj)' or at 'C:\Users\alega\Documents\Visual Studio 2019\Projects\dungeons-and-dragonflies\vs-2019\x64\Debug\dragonfly.pdb'; linking object as if no debug info
libdragonfly-x64-debug.lib(Sprite.obj) : warning LNK4099: PDB 'dragonfly.pdb' was not found with 'libdragonfly-x64-debug.lib(Sprite.obj)' or at 'C:\Users\alega\Documents\Visual Studio 2019\Projects\dungeons-and-dragonflies\vs-2019\x64\Debug\dragonfly.pdb'; linking object as if no debug info
libdragonfly-x64-debug.lib(State.obj) : warning LNK4099: PDB 'dragonfly.pdb' was not found with 'libdragonfly-x64-debug.lib(State.obj)' or at 'C:\Users\alega\Documents\Visual Studio 2019\Projects\dungeons-and-dragonflies\vs-2019\x64\Debug\dragonfly.pdb'; linking object as if no debug info
libdragonfly-x64-debug.lib(StateMachine.obj) : warning LNK4099: PDB 'dragonfly.pdb' was not found with 'libdragonfly-x64-debug.lib(StateMachine.obj)' or at 'C:\Users\alega\Documents\Visual Studio 2019\Projects\dungeons-and-dragonflies\vs-2019\x64\Debug\dragonfly.pdb'; linking object as if no debug info
libdragonfly-x64-debug.lib(utility.obj) : warning LNK4099: PDB 'dragonfly.pdb' was not found with 'libdragonfly-x64-debug.lib(utility.obj)' or at 'C:\Users\alega\Documents\Visual Studio 2019\Projects\dungeons-and-dragonflies\vs-2019\x64\Debug\dragonfly.pdb'; linking object as if no debug info
libdragonfly-x64-debug.lib(Vector.obj) : warning LNK4099: PDB 'dragonfly.pdb' was not found with 'libdragonfly-x64-debug.lib(Vector.obj)' or at 'C:\Users\alega\Documents\Visual Studio 2019\Projects\dungeons-and-dragonflies\vs-2019\x64\Debug\dragonfly.pdb'; linking object as if no debug info
libdragonfly-x64-debug.lib(ViewObject.obj) : warning LNK4099: PDB 'dragonfly.pdb' was not found with 'libdragonfly-x64-debug.lib(ViewObject.obj)' or at 'C:\Users\alega\Documents\Visual Studio 2019\Projects\dungeons-and-dragonflies\vs-2019\x64\Debug\dragonfly.pdb'; linking object as if no debug info
libdragonfly-x64-debug.lib(WorldManager.obj) : warning LNK4099: PDB 'dragonfly.pdb' was not found with 'libdragonfly-x64-debug.lib(WorldManager.obj)' or at 'C:\Users\alega\Documents\Visual Studio 2019\Projects\dungeons-and-dragonflies\vs-2019\x64\Debug\dragonfly.pdb'; linking object as if no debug info
  saucer-shoot.vcxproj -> C:\Users\alega\Documents\Visual Studio 2019\Projects\dungeons-and-dragonflies\vs-2019\x64\Debug\dungeons-and-dragonflies.exe
